INFO:     Will watch for changes in these directories: ['C:\\Users\\Ahsan\\physical-ai-todo\\backend']
INFO:     Uvicorn running on http://0.0.0.0:8000 (Press CTRL+C to quit)
INFO:     Started reloader process [7456] using WatchFiles
INFO:     Started server process [17196]
INFO:     Waiting for application startup.
INFO:     Application startup complete.
Starting Physical AI Todo API
Initializing database...
Database initialized successfully
INFO:     127.0.0.1:63115 - "GET /health HTTP/1.1" 200 OK
INFO:     127.0.0.1:63126 - "POST /api/v1/chat HTTP/1.1" 200 OK
INFO:     127.0.0.1:63132 - "POST /api/v1/chat HTTP/1.1" 200 OK
INFO:     127.0.0.1:63137 - "POST /api/v1/chat HTTP/1.1" 200 OK
INFO:     127.0.0.1:63141 - "POST /api/v1/chat HTTP/1.1" 200 OK
INFO:     127.0.0.1:63232 - "GET /api/v1/auth/me HTTP/1.1" 200 OK
INFO:     127.0.0.1:63232 - "GET /api/v1/auth/me HTTP/1.1" 200 OK
INFO:     127.0.0.1:63238 - "OPTIONS /api/v1/tasks?sort=created_at&order=desc HTTP/1.1" 200 OK
INFO:     127.0.0.1:63232 - "GET /api/v1/tasks?sort=created_at&order=desc HTTP/1.1" 200 OK
INFO:     127.0.0.1:63233 - "GET /api/v1/auth/me HTTP/1.1" 200 OK
INFO:     127.0.0.1:63233 - "GET /api/v1/auth/me HTTP/1.1" 200 OK
INFO:     127.0.0.1:63233 - "GET /api/v1/auth/me HTTP/1.1" 200 OK
INFO:     127.0.0.1:63233 - "GET /api/v1/auth/me HTTP/1.1" 200 OK
INFO:     127.0.0.1:63445 - "GET /api/v1/auth/me HTTP/1.1" 200 OK
INFO:     127.0.0.1:63446 - "GET /api/v1/auth/me HTTP/1.1" 200 OK
INFO:     127.0.0.1:63445 - "GET /api/v1/auth/me HTTP/1.1" 200 OK
INFO:     127.0.0.1:63445 - "GET /api/v1/auth/me HTTP/1.1" 200 OK
INFO:     127.0.0.1:63462 - "GET /api/v1/auth/me HTTP/1.1" 200 OK
INFO:     127.0.0.1:63445 - "GET /api/v1/auth/me HTTP/1.1" 200 OK
INFO:     127.0.0.1:63462 - "GET /api/v1/auth/me HTTP/1.1" 200 OK
INFO:     127.0.0.1:63536 - "GET /api/v1/auth/me HTTP/1.1" 200 OK
INFO:     127.0.0.1:63536 - "GET /api/v1/auth/me HTTP/1.1" 200 OK
INFO:     127.0.0.1:63545 - "OPTIONS /api/v1/tasks?sort=created_at&order=desc HTTP/1.1" 200 OK
INFO:     127.0.0.1:63536 - "GET /api/v1/auth/me HTTP/1.1" 200 OK
INFO:     127.0.0.1:63546 - "GET /api/v1/auth/me HTTP/1.1" 200 OK
INFO:     127.0.0.1:63536 - "GET /api/v1/auth/me HTTP/1.1" 200 OK
INFO:     127.0.0.1:63548 - "GET /api/v1/tasks?sort=created_at&order=desc HTTP/1.1" 200 OK
INFO:     127.0.0.1:63546 - "GET /api/v1/auth/me HTTP/1.1" 200 OK
INFO:     127.0.0.1:63536 - "GET /api/v1/auth/me HTTP/1.1" 200 OK
INFO:     127.0.0.1:63536 - "GET /api/v1/auth/me HTTP/1.1" 200 OK
INFO:     127.0.0.1:63546 - "GET /api/v1/tasks?sort=created_at&order=desc HTTP/1.1" 200 OK
INFO:     127.0.0.1:63536 - "GET /api/v1/auth/me HTTP/1.1" 200 OK
INFO:     127.0.0.1:63548 - "GET /api/v1/auth/me HTTP/1.1" 200 OK
INFO:     127.0.0.1:63548 - "GET /api/v1/auth/me HTTP/1.1" 200 OK
INFO:     127.0.0.1:63536 - "GET /api/v1/auth/me HTTP/1.1" 200 OK
INFO:     127.0.0.1:63536 - "GET /api/v1/auth/me HTTP/1.1" 200 OK
INFO:     127.0.0.1:63548 - "GET /api/v1/tasks?sort=created_at&order=desc HTTP/1.1" 200 OK
INFO:     127.0.0.1:63546 - "GET /api/v1/auth/me HTTP/1.1" 200 OK
INFO:     127.0.0.1:63536 - "GET /api/v1/auth/me HTTP/1.1" 200 OK
INFO:     127.0.0.1:63546 - "GET /api/v1/auth/me HTTP/1.1" 200 OK
INFO:     127.0.0.1:63536 - "GET /api/v1/auth/me HTTP/1.1" 200 OK
INFO:     127.0.0.1:63567 - "GET /api/v1/auth/me HTTP/1.1" 200 OK
INFO:     127.0.0.1:63567 - "GET /api/v1/auth/me HTTP/1.1" 200 OK
INFO:     127.0.0.1:63567 - "GET /api/v1/auth/me HTTP/1.1" 200 OK
INFO:     127.0.0.1:63577 - "GET /api/v1/auth/me HTTP/1.1" 200 OK
INFO:     127.0.0.1:63576 - "GET /api/v1/tasks?sort=created_at&order=desc HTTP/1.1" 200 OK
INFO:     127.0.0.1:63567 - "GET /api/v1/auth/me HTTP/1.1" 200 OK
INFO:     127.0.0.1:63577 - "GET /api/v1/auth/me HTTP/1.1" 200 OK
INFO:     127.0.0.1:63627 - "GET /api/v1/auth/me HTTP/1.1" 200 OK
INFO:     127.0.0.1:63627 - "GET /api/v1/auth/me HTTP/1.1" 200 OK
INFO:     127.0.0.1:63627 - "GET /api/v1/auth/me HTTP/1.1" 200 OK
INFO:     127.0.0.1:63635 - "GET /api/v1/auth/me HTTP/1.1" 200 OK
INFO:     127.0.0.1:63627 - "GET /api/v1/auth/me HTTP/1.1" 200 OK
INFO:     127.0.0.1:63635 - "GET /api/v1/auth/me HTTP/1.1" 200 OK
INFO:     127.0.0.1:63627 - "GET /api/v1/auth/me HTTP/1.1" 200 OK
INFO:     127.0.0.1:63627 - "GET /api/v1/auth/me HTTP/1.1" 200 OK
INFO:     127.0.0.1:63627 - "GET /api/v1/auth/me HTTP/1.1" 200 OK
INFO:     127.0.0.1:63635 - "GET /api/v1/tasks?sort=created_at&order=desc HTTP/1.1" 200 OK
INFO:     127.0.0.1:63640 - "GET /api/v1/auth/me HTTP/1.1" 200 OK
INFO:     127.0.0.1:63640 - "GET /api/v1/auth/me HTTP/1.1" 200 OK
INFO:     127.0.0.1:63664 - "GET /api/v1/auth/me HTTP/1.1" 200 OK
INFO:     127.0.0.1:63636 - "GET /api/v1/auth/me HTTP/1.1" 200 OK
INFO:     127.0.0.1:63664 - "GET /api/v1/auth/me HTTP/1.1" 200 OK
INFO:     127.0.0.1:63636 - "GET /api/v1/auth/me HTTP/1.1" 200 OK
INFO:     127.0.0.1:63664 - "GET /api/v1/auth/me HTTP/1.1" 200 OK
INFO:     127.0.0.1:63664 - "GET /api/v1/auth/me HTTP/1.1" 200 OK
INFO:     127.0.0.1:63664 - "GET /api/v1/auth/me HTTP/1.1" 200 OK
INFO:     127.0.0.1:63636 - "GET /api/v1/auth/me HTTP/1.1" 200 OK
INFO:     127.0.0.1:63664 - "GET /api/v1/auth/me HTTP/1.1" 200 OK
INFO:     127.0.0.1:63636 - "GET /api/v1/auth/me HTTP/1.1" 200 OK
INFO:     127.0.0.1:63664 - "GET /api/v1/auth/me HTTP/1.1" 200 OK
INFO:     127.0.0.1:63696 - "GET /api/v1/auth/me HTTP/1.1" 200 OK
INFO:     127.0.0.1:63696 - "GET /api/v1/auth/me HTTP/1.1" 200 OK
INFO:     127.0.0.1:63704 - "GET /api/v1/auth/me HTTP/1.1" 200 OK
INFO:     127.0.0.1:63702 - "GET /api/v1/auth/me HTTP/1.1" 200 OK
INFO:     127.0.0.1:63696 - "GET /api/v1/auth/me HTTP/1.1" 200 OK
INFO:     127.0.0.1:63705 - "GET /api/v1/auth/me HTTP/1.1" 200 OK
INFO:     127.0.0.1:63696 - "GET /api/v1/auth/me HTTP/1.1" 200 OK
INFO:     127.0.0.1:63709 - "GET /api/v1/tasks?sort=created_at&order=desc HTTP/1.1" 200 OK
INFO:     127.0.0.1:63705 - "GET /api/v1/auth/me HTTP/1.1" 200 OK
INFO:     127.0.0.1:63704 - "GET /api/v1/auth/me HTTP/1.1" 200 OK
INFO:     127.0.0.1:63696 - "GET /api/v1/auth/me HTTP/1.1" 200 OK
INFO:     127.0.0.1:63696 - "GET /api/v1/auth/me HTTP/1.1" 200 OK
INFO:     127.0.0.1:63696 - "GET /api/v1/auth/me HTTP/1.1" 200 OK
INFO:     127.0.0.1:63696 - "GET /api/v1/auth/me HTTP/1.1" 200 OK
INFO:     127.0.0.1:63747 - "GET /api/v1/auth/me HTTP/1.1" 200 OK
INFO:     127.0.0.1:63747 - "GET /api/v1/auth/me HTTP/1.1" 200 OK
INFO:     127.0.0.1:63747 - "GET /api/v1/auth/me HTTP/1.1" 200 OK
INFO:     127.0.0.1:63782 - "GET /api/v1/auth/me HTTP/1.1" 200 OK
INFO:     127.0.0.1:63782 - "GET /api/v1/auth/me HTTP/1.1" 200 OK
INFO:     127.0.0.1:63782 - "GET /api/v1/auth/me HTTP/1.1" 200 OK
INFO:     127.0.0.1:63794 - "GET /api/v1/auth/me HTTP/1.1" 200 OK
INFO:     127.0.0.1:63782 - "GET /api/v1/auth/me HTTP/1.1" 200 OK
INFO:     127.0.0.1:63803 - "GET /api/v1/auth/me HTTP/1.1" 200 OK
INFO:     127.0.0.1:63794 - "GET /api/v1/auth/me HTTP/1.1" 200 OK
INFO:     127.0.0.1:63782 - "GET /api/v1/auth/me HTTP/1.1" 200 OK
INFO:     127.0.0.1:63794 - "POST /api/v1/auth/logout HTTP/1.1" 200 OK
INFO:     127.0.0.1:63821 - "GET /health HTTP/1.1" 200 OK
INFO:     127.0.0.1:63830 - "OPTIONS /api/v1/auth/login HTTP/1.1" 200 OK
(trapped) error reading bcrypt version
Traceback (most recent call last):
  File "C:\Users\Ahsan\AppData\Local\Programs\Python\Python313\Lib\site-packages\passlib\handlers\bcrypt.py", line 620, in _load_backend_mixin
    version = _bcrypt.__about__.__version__
              ^^^^^^^^^^^^^^^^^
AttributeError: module 'bcrypt' has no attribute '__about__'
INFO:     127.0.0.1:63795 - "POST /api/v1/auth/login HTTP/1.1" 200 OK
INFO:     127.0.0.1:63838 - "GET /api/v1/auth/me HTTP/1.1" 200 OK
INFO:     127.0.0.1:63838 - "GET /api/v1/auth/me HTTP/1.1" 200 OK
INFO:     127.0.0.1:63795 - "GET /api/v1/tasks?sort=created_at&order=desc HTTP/1.1" 200 OK
INFO:     127.0.0.1:63862 - "GET /api/v1/auth/me HTTP/1.1" 200 OK
INFO:     127.0.0.1:63862 - "GET /api/v1/auth/me HTTP/1.1" 200 OK
INFO:     127.0.0.1:63868 - "GET /api/v1/auth/me HTTP/1.1" 200 OK
INFO:     127.0.0.1:63862 - "GET /api/v1/auth/me HTTP/1.1" 200 OK
INFO:     127.0.0.1:63868 - "GET /api/v1/auth/me HTTP/1.1" 200 OK
INFO:     127.0.0.1:63862 - "GET /api/v1/auth/me HTTP/1.1" 200 OK
INFO:     127.0.0.1:63862 - "GET /api/v1/auth/me HTTP/1.1" 200 OK
INFO:     127.0.0.1:63862 - "GET /api/v1/auth/me HTTP/1.1" 200 OK
INFO:     127.0.0.1:63868 - "GET /api/v1/auth/me HTTP/1.1" 200 OK
INFO:     127.0.0.1:63862 - "GET /api/v1/auth/me HTTP/1.1" 200 OK
INFO:     127.0.0.1:63868 - "GET /api/v1/auth/me HTTP/1.1" 200 OK
INFO:     127.0.0.1:63862 - "GET /api/v1/auth/me HTTP/1.1" 200 OK
INFO:     127.0.0.1:63862 - "GET /api/v1/auth/me HTTP/1.1" 200 OK
INFO:     127.0.0.1:63868 - "GET /api/v1/auth/me HTTP/1.1" 200 OK
INFO:     127.0.0.1:63862 - "GET /api/v1/auth/me HTTP/1.1" 200 OK
INFO:     127.0.0.1:63868 - "GET /api/v1/auth/me HTTP/1.1" 200 OK
INFO:     127.0.0.1:63862 - "GET /api/v1/auth/me HTTP/1.1" 200 OK
INFO:     127.0.0.1:64032 - "GET /api/v1/auth/me HTTP/1.1" 200 OK
INFO:     127.0.0.1:64054 - "GET /health HTTP/1.1" 200 OK
INFO:     127.0.0.1:51925 - "GET /api/v1/auth/me HTTP/1.1" 200 OK
INFO:     127.0.0.1:51934 - "OPTIONS /api/v1/tasks?sort=created_at&order=desc HTTP/1.1" 200 OK
INFO:     127.0.0.1:51925 - "GET /api/v1/auth/me HTTP/1.1" 200 OK
INFO:     127.0.0.1:51937 - "GET /api/v1/auth/me HTTP/1.1" 200 OK
INFO:     127.0.0.1:51935 - "GET /api/v1/auth/me HTTP/1.1" 200 OK
INFO:     127.0.0.1:51925 - "GET /api/v1/auth/me HTTP/1.1" 200 OK
INFO:     127.0.0.1:51940 - "GET /api/v1/tasks?sort=created_at&order=desc HTTP/1.1" 200 OK
INFO:     127.0.0.1:51935 - "GET /api/v1/auth/me HTTP/1.1" 200 OK
INFO:     127.0.0.1:51925 - "GET /api/v1/auth/me HTTP/1.1" 200 OK
INFO:     127.0.0.1:51925 - "GET /api/v1/auth/me HTTP/1.1" 200 OK
INFO:     127.0.0.1:51925 - "GET /api/v1/auth/me HTTP/1.1" 200 OK
INFO:     127.0.0.1:51925 - "GET /api/v1/auth/me HTTP/1.1" 200 OK
INFO:     127.0.0.1:51954 - "GET /api/v1/auth/me HTTP/1.1" 200 OK
INFO:     127.0.0.1:51954 - "GET /api/v1/auth/me HTTP/1.1" 200 OK
INFO:     127.0.0.1:51925 - "GET /api/v1/auth/me HTTP/1.1" 200 OK
INFO:     127.0.0.1:51961 - "GET /api/v1/auth/me HTTP/1.1" 200 OK
INFO:     127.0.0.1:51961 - "GET /api/v1/auth/me HTTP/1.1" 200 OK
INFO:     127.0.0.1:51965 - "GET /api/v1/auth/me HTTP/1.1" 200 OK
INFO:     127.0.0.1:51965 - "GET /api/v1/auth/me HTTP/1.1" 200 OK
INFO:     127.0.0.1:51955 - "GET /api/v1/tasks?sort=created_at&order=desc HTTP/1.1" 200 OK
INFO:     127.0.0.1:51965 - "GET /api/v1/auth/me HTTP/1.1" 200 OK
INFO:     127.0.0.1:51955 - "GET /api/v1/auth/me HTTP/1.1" 200 OK
INFO:     127.0.0.1:51965 - "GET /api/v1/auth/me HTTP/1.1" 200 OK
INFO:     127.0.0.1:51955 - "GET /api/v1/auth/me HTTP/1.1" 200 OK
INFO:     127.0.0.1:51965 - "GET /api/v1/auth/me HTTP/1.1" 200 OK
INFO:     127.0.0.1:51972 - "GET /api/v1/auth/me HTTP/1.1" 200 OK
INFO:     127.0.0.1:51965 - "GET /api/v1/auth/me HTTP/1.1" 200 OK
INFO:     127.0.0.1:52027 - "GET /api/v1/auth/me HTTP/1.1" 401 Unauthorized
INFO:     127.0.0.1:52067 - "GET /api/v1/auth/me HTTP/1.1" 200 OK
INFO:     127.0.0.1:52089 - "GET /api/v1/auth/me HTTP/1.1" 200 OK
INFO:     127.0.0.1:52108 - "GET /api/v1/auth/me HTTP/1.1" 200 OK
INFO:     127.0.0.1:52114 - "GET /api/v1/auth/me HTTP/1.1" 200 OK
INFO:     127.0.0.1:52114 - "GET /api/v1/auth/me HTTP/1.1" 200 OK
INFO:     127.0.0.1:52114 - "GET /api/v1/auth/me HTTP/1.1" 200 OK
INFO:     127.0.0.1:52114 - "GET /api/v1/auth/me HTTP/1.1" 200 OK
INFO:     127.0.0.1:52137 - "GET /api/v1/auth/me HTTP/1.1" 200 OK
INFO:     127.0.0.1:52114 - "GET /api/v1/auth/me HTTP/1.1" 200 OK
INFO:     127.0.0.1:52142 - "GET /api/v1/auth/me HTTP/1.1" 200 OK
INFO:     127.0.0.1:52142 - "GET /api/v1/auth/me HTTP/1.1" 200 OK
INFO:     127.0.0.1:52114 - "GET /api/v1/auth/me HTTP/1.1" 200 OK
INFO:     127.0.0.1:52114 - "GET /api/v1/auth/me HTTP/1.1" 200 OK
INFO:     127.0.0.1:52114 - "GET /api/v1/auth/me HTTP/1.1" 200 OK
INFO:     127.0.0.1:52142 - "GET /api/v1/auth/me HTTP/1.1" 200 OK
INFO:     127.0.0.1:52114 - "GET /api/v1/auth/me HTTP/1.1" 200 OK
INFO:     127.0.0.1:52142 - "GET /api/v1/auth/me HTTP/1.1" 200 OK
INFO:     127.0.0.1:52114 - "GET /api/v1/auth/me HTTP/1.1" 200 OK
INFO:     127.0.0.1:52200 - "GET /api/v1/auth/me HTTP/1.1" 200 OK
INFO:     127.0.0.1:52200 - "GET /api/v1/auth/me HTTP/1.1" 200 OK
INFO:     127.0.0.1:52200 - "GET /api/v1/auth/me HTTP/1.1" 200 OK
INFO:     127.0.0.1:52212 - "GET /api/v1/auth/me HTTP/1.1" 200 OK
INFO:     127.0.0.1:52282 - "GET /api/v1/auth/me HTTP/1.1" 200 OK
INFO:     127.0.0.1:52282 - "GET /api/v1/auth/me HTTP/1.1" 200 OK
INFO:     127.0.0.1:52445 - "GET /api/v1/auth/me HTTP/1.1" 200 OK
INFO:     127.0.0.1:52445 - "GET /api/v1/auth/me HTTP/1.1" 200 OK
INFO:     127.0.0.1:52445 - "GET /api/v1/auth/me HTTP/1.1" 200 OK
INFO:     127.0.0.1:52445 - "GET /api/v1/auth/me HTTP/1.1" 200 OK
INFO:     127.0.0.1:52445 - "GET /api/v1/auth/me HTTP/1.1" 200 OK
INFO:     127.0.0.1:52445 - "GET /api/v1/auth/me HTTP/1.1" 200 OK
INFO:     127.0.0.1:52445 - "GET /api/v1/auth/me HTTP/1.1" 200 OK
INFO:     127.0.0.1:52448 - "GET /api/v1/auth/me HTTP/1.1" 200 OK
INFO:     127.0.0.1:52445 - "GET /api/v1/auth/me HTTP/1.1" 200 OK
INFO:     127.0.0.1:52445 - "GET /api/v1/auth/me HTTP/1.1" 200 OK
INFO:     127.0.0.1:52445 - "GET /api/v1/auth/me HTTP/1.1" 200 OK
INFO:     127.0.0.1:52445 - "GET /api/v1/auth/me HTTP/1.1" 200 OK
INFO:     127.0.0.1:52445 - "GET /api/v1/auth/me HTTP/1.1" 200 OK
INFO:     127.0.0.1:52445 - "GET /api/v1/auth/me HTTP/1.1" 200 OK
INFO:     127.0.0.1:52445 - "GET /api/v1/auth/me HTTP/1.1" 200 OK
INFO:     127.0.0.1:52445 - "GET /api/v1/auth/me HTTP/1.1" 200 OK
INFO:     127.0.0.1:52445 - "GET /api/v1/auth/me HTTP/1.1" 200 OK
INFO:     127.0.0.1:52445 - "GET /api/v1/auth/me HTTP/1.1" 200 OK
INFO:     127.0.0.1:52445 - "GET /api/v1/auth/me HTTP/1.1" 200 OK
INFO:     127.0.0.1:52445 - "GET /api/v1/auth/me HTTP/1.1" 200 OK
INFO:     127.0.0.1:52445 - "GET /api/v1/auth/me HTTP/1.1" 200 OK
INFO:     127.0.0.1:52445 - "GET /api/v1/auth/me HTTP/1.1" 200 OK
INFO:     127.0.0.1:52445 - "GET /api/v1/auth/me HTTP/1.1" 200 OK
INFO:     127.0.0.1:52445 - "GET /api/v1/auth/me HTTP/1.1" 200 OK
INFO:     127.0.0.1:52445 - "GET /api/v1/auth/me HTTP/1.1" 200 OK
INFO:     127.0.0.1:52445 - "GET /api/v1/auth/me HTTP/1.1" 200 OK
INFO:     127.0.0.1:52445 - "GET /api/v1/auth/me HTTP/1.1" 200 OK
INFO:     127.0.0.1:52445 - "GET /api/v1/auth/me HTTP/1.1" 200 OK
INFO:     127.0.0.1:52445 - "GET /api/v1/auth/me HTTP/1.1" 200 OK
INFO:     127.0.0.1:52445 - "GET /api/v1/auth/me HTTP/1.1" 200 OK
INFO:     127.0.0.1:52445 - "GET /api/v1/auth/me HTTP/1.1" 200 OK
INFO:     127.0.0.1:52445 - "GET /api/v1/auth/me HTTP/1.1" 200 OK
INFO:     127.0.0.1:52445 - "GET /api/v1/auth/me HTTP/1.1" 200 OK
INFO:     127.0.0.1:52445 - "GET /api/v1/auth/me HTTP/1.1" 200 OK
INFO:     127.0.0.1:52445 - "GET /api/v1/auth/me HTTP/1.1" 200 OK
INFO:     127.0.0.1:52445 - "GET /api/v1/auth/me HTTP/1.1" 200 OK
INFO:     127.0.0.1:52445 - "GET /api/v1/auth/me HTTP/1.1" 200 OK
INFO:     127.0.0.1:52445 - "GET /api/v1/auth/me HTTP/1.1" 200 OK
INFO:     127.0.0.1:52445 - "GET /api/v1/auth/me HTTP/1.1" 200 OK
INFO:     127.0.0.1:52445 - "GET /api/v1/auth/me HTTP/1.1" 200 OK
INFO:     127.0.0.1:52445 - "GET /api/v1/auth/me HTTP/1.1" 200 OK
INFO:     127.0.0.1:52445 - "GET /api/v1/auth/me HTTP/1.1" 200 OK
INFO:     127.0.0.1:52445 - "GET /api/v1/auth/me HTTP/1.1" 200 OK
INFO:     127.0.0.1:52445 - "GET /api/v1/auth/me HTTP/1.1" 200 OK
INFO:     127.0.0.1:52445 - "GET /api/v1/auth/me HTTP/1.1" 200 OK
INFO:     127.0.0.1:52445 - "GET /api/v1/auth/me HTTP/1.1" 200 OK
INFO:     127.0.0.1:52445 - "GET /api/v1/auth/me HTTP/1.1" 200 OK
INFO:     127.0.0.1:52445 - "GET /api/v1/auth/me HTTP/1.1" 200 OK
INFO:     127.0.0.1:52445 - "GET /api/v1/auth/me HTTP/1.1" 200 OK
INFO:     127.0.0.1:52445 - "GET /api/v1/auth/me HTTP/1.1" 200 OK
INFO:     127.0.0.1:52445 - "GET /api/v1/auth/me HTTP/1.1" 200 OK
INFO:     127.0.0.1:52445 - "GET /api/v1/auth/me HTTP/1.1" 200 OK
INFO:     127.0.0.1:52445 - "GET /api/v1/auth/me HTTP/1.1" 200 OK
INFO:     127.0.0.1:52445 - "GET /api/v1/auth/me HTTP/1.1" 200 OK
INFO:     127.0.0.1:52445 - "GET /api/v1/auth/me HTTP/1.1" 200 OK
INFO:     127.0.0.1:52445 - "GET /api/v1/auth/me HTTP/1.1" 200 OK
INFO:     127.0.0.1:52445 - "GET /api/v1/auth/me HTTP/1.1" 200 OK
INFO:     127.0.0.1:52445 - "GET /api/v1/auth/me HTTP/1.1" 200 OK
INFO:     127.0.0.1:52445 - "GET /api/v1/auth/me HTTP/1.1" 200 OK
INFO:     127.0.0.1:52445 - "GET /api/v1/auth/me HTTP/1.1" 200 OK
INFO:     127.0.0.1:52572 - "GET /api/v1/auth/me HTTP/1.1" 200 OK
INFO:     127.0.0.1:52572 - "GET /api/v1/auth/me HTTP/1.1" 200 OK
INFO:     127.0.0.1:52572 - "GET /api/v1/auth/me HTTP/1.1" 200 OK
INFO:     127.0.0.1:52572 - "GET /api/v1/auth/me HTTP/1.1" 200 OK
INFO:     127.0.0.1:52572 - "GET /api/v1/auth/me HTTP/1.1" 200 OK
INFO:     127.0.0.1:52572 - "GET /api/v1/auth/me HTTP/1.1" 200 OK
INFO:     127.0.0.1:52572 - "GET /api/v1/auth/me HTTP/1.1" 200 OK
INFO:     127.0.0.1:52572 - "GET /api/v1/auth/me HTTP/1.1" 200 OK
INFO:     127.0.0.1:52572 - "GET /api/v1/auth/me HTTP/1.1" 200 OK
INFO:     127.0.0.1:52572 - "GET /api/v1/auth/me HTTP/1.1" 200 OK
INFO:     127.0.0.1:52572 - "GET /api/v1/auth/me HTTP/1.1" 200 OK
INFO:     127.0.0.1:52572 - "GET /api/v1/auth/me HTTP/1.1" 200 OK
INFO:     127.0.0.1:52572 - "GET /api/v1/auth/me HTTP/1.1" 200 OK
INFO:     127.0.0.1:52572 - "GET /api/v1/auth/me HTTP/1.1" 200 OK
INFO:     127.0.0.1:52572 - "GET /api/v1/auth/me HTTP/1.1" 200 OK
INFO:     127.0.0.1:52572 - "GET /api/v1/auth/me HTTP/1.1" 200 OK
INFO:     127.0.0.1:52572 - "GET /api/v1/auth/me HTTP/1.1" 200 OK
INFO:     127.0.0.1:52572 - "GET /api/v1/auth/me HTTP/1.1" 200 OK
INFO:     127.0.0.1:52572 - "GET /api/v1/auth/me HTTP/1.1" 200 OK
INFO:     127.0.0.1:52572 - "GET /api/v1/auth/me HTTP/1.1" 200 OK
INFO:     127.0.0.1:52572 - "GET /api/v1/auth/me HTTP/1.1" 200 OK
INFO:     127.0.0.1:52572 - "GET /api/v1/auth/me HTTP/1.1" 200 OK
INFO:     127.0.0.1:52572 - "GET /api/v1/auth/me HTTP/1.1" 200 OK
INFO:     127.0.0.1:52572 - "GET /api/v1/auth/me HTTP/1.1" 200 OK
INFO:     127.0.0.1:52572 - "GET /api/v1/auth/me HTTP/1.1" 200 OK
INFO:     127.0.0.1:52572 - "GET /api/v1/auth/me HTTP/1.1" 200 OK
INFO:     127.0.0.1:52572 - "GET /api/v1/auth/me HTTP/1.1" 200 OK
INFO:     127.0.0.1:52572 - "GET /api/v1/auth/me HTTP/1.1" 200 OK
INFO:     127.0.0.1:52572 - "GET /api/v1/auth/me HTTP/1.1" 200 OK
INFO:     127.0.0.1:52572 - "GET /api/v1/auth/me HTTP/1.1" 200 OK
INFO:     127.0.0.1:52572 - "GET /api/v1/auth/me HTTP/1.1" 200 OK
INFO:     127.0.0.1:52572 - "GET /api/v1/auth/me HTTP/1.1" 200 OK
INFO:     127.0.0.1:52572 - "GET /api/v1/auth/me HTTP/1.1" 200 OK
INFO:     127.0.0.1:52572 - "GET /api/v1/auth/me HTTP/1.1" 200 OK
INFO:     127.0.0.1:52572 - "GET /api/v1/auth/me HTTP/1.1" 200 OK
INFO:     127.0.0.1:52572 - "GET /api/v1/auth/me HTTP/1.1" 200 OK
INFO:     127.0.0.1:52572 - "GET /api/v1/auth/me HTTP/1.1" 200 OK
INFO:     127.0.0.1:52572 - "GET /api/v1/auth/me HTTP/1.1" 200 OK
INFO:     127.0.0.1:52572 - "GET /api/v1/auth/me HTTP/1.1" 200 OK
INFO:     127.0.0.1:52572 - "GET /api/v1/auth/me HTTP/1.1" 200 OK
INFO:     127.0.0.1:52572 - "GET /api/v1/auth/me HTTP/1.1" 200 OK
INFO:     127.0.0.1:52572 - "GET /api/v1/auth/me HTTP/1.1" 200 OK
INFO:     127.0.0.1:52572 - "GET /api/v1/auth/me HTTP/1.1" 200 OK
INFO:     127.0.0.1:52572 - "GET /api/v1/auth/me HTTP/1.1" 200 OK
INFO:     127.0.0.1:52572 - "GET /api/v1/auth/me HTTP/1.1" 200 OK
INFO:     127.0.0.1:52572 - "GET /api/v1/auth/me HTTP/1.1" 200 OK
INFO:     127.0.0.1:52572 - "GET /api/v1/auth/me HTTP/1.1" 200 OK
INFO:     127.0.0.1:52572 - "GET /api/v1/auth/me HTTP/1.1" 200 OK
INFO:     127.0.0.1:52572 - "GET /api/v1/auth/me HTTP/1.1" 200 OK
INFO:     127.0.0.1:52572 - "GET /api/v1/auth/me HTTP/1.1" 200 OK
INFO:     127.0.0.1:52572 - "GET /api/v1/auth/me HTTP/1.1" 200 OK
INFO:     127.0.0.1:52572 - "GET /api/v1/auth/me HTTP/1.1" 200 OK
INFO:     127.0.0.1:52572 - "GET /api/v1/auth/me HTTP/1.1" 200 OK
INFO:     127.0.0.1:52572 - "GET /api/v1/auth/me HTTP/1.1" 200 OK
INFO:     127.0.0.1:52572 - "GET /api/v1/auth/me HTTP/1.1" 200 OK
INFO:     127.0.0.1:52572 - "GET /api/v1/auth/me HTTP/1.1" 200 OK
INFO:     127.0.0.1:52572 - "GET /api/v1/auth/me HTTP/1.1" 200 OK
INFO:     127.0.0.1:52572 - "GET /api/v1/auth/me HTTP/1.1" 200 OK
INFO:     127.0.0.1:52572 - "GET /api/v1/auth/me HTTP/1.1" 200 OK
INFO:     127.0.0.1:52572 - "GET /api/v1/auth/me HTTP/1.1" 200 OK
INFO:     127.0.0.1:52572 - "GET /api/v1/auth/me HTTP/1.1" 200 OK
INFO:     127.0.0.1:52572 - "GET /api/v1/auth/me HTTP/1.1" 200 OK
INFO:     127.0.0.1:52572 - "GET /api/v1/auth/me HTTP/1.1" 200 OK
INFO:     127.0.0.1:52572 - "GET /api/v1/auth/me HTTP/1.1" 200 OK
INFO:     127.0.0.1:52572 - "GET /api/v1/auth/me HTTP/1.1" 200 OK
INFO:     127.0.0.1:52572 - "GET /api/v1/auth/me HTTP/1.1" 200 OK
INFO:     127.0.0.1:52572 - "GET /api/v1/auth/me HTTP/1.1" 200 OK
INFO:     127.0.0.1:52572 - "GET /api/v1/auth/me HTTP/1.1" 200 OK
INFO:     127.0.0.1:52572 - "GET /api/v1/auth/me HTTP/1.1" 200 OK
INFO:     127.0.0.1:52572 - "GET /api/v1/auth/me HTTP/1.1" 200 OK
INFO:     127.0.0.1:52572 - "GET /api/v1/auth/me HTTP/1.1" 200 OK
INFO:     127.0.0.1:52572 - "GET /api/v1/auth/me HTTP/1.1" 200 OK
INFO:     127.0.0.1:52572 - "GET /api/v1/auth/me HTTP/1.1" 200 OK
INFO:     127.0.0.1:52572 - "GET /api/v1/auth/me HTTP/1.1" 200 OK
INFO:     127.0.0.1:52572 - "GET /api/v1/auth/me HTTP/1.1" 200 OK
INFO:     127.0.0.1:52572 - "GET /api/v1/auth/me HTTP/1.1" 200 OK
INFO:     127.0.0.1:52572 - "GET /api/v1/auth/me HTTP/1.1" 200 OK
INFO:     127.0.0.1:52572 - "GET /api/v1/auth/me HTTP/1.1" 200 OK
INFO:     127.0.0.1:52572 - "GET /api/v1/auth/me HTTP/1.1" 200 OK
INFO:     127.0.0.1:52637 - "GET /api/v1/auth/me HTTP/1.1" 200 OK
INFO:     127.0.0.1:52572 - "GET /api/v1/auth/me HTTP/1.1" 200 OK
INFO:     127.0.0.1:52572 - "GET /api/v1/auth/me HTTP/1.1" 200 OK
INFO:     127.0.0.1:52637 - "GET /api/v1/auth/me HTTP/1.1" 200 OK
INFO:     127.0.0.1:52572 - "GET /api/v1/auth/me HTTP/1.1" 200 OK
INFO:     127.0.0.1:52637 - "GET /api/v1/auth/me HTTP/1.1" 200 OK
INFO:     127.0.0.1:52572 - "GET /api/v1/auth/me HTTP/1.1" 200 OK
INFO:     127.0.0.1:52637 - "GET /api/v1/auth/me HTTP/1.1" 200 OK
INFO:     127.0.0.1:52572 - "GET /api/v1/auth/me HTTP/1.1" 200 OK
INFO:     127.0.0.1:52637 - "GET /api/v1/auth/me HTTP/1.1" 200 OK
INFO:     127.0.0.1:52572 - "GET /api/v1/auth/me HTTP/1.1" 200 OK
INFO:     127.0.0.1:52637 - "GET /api/v1/auth/me HTTP/1.1" 200 OK
INFO:     127.0.0.1:52572 - "GET /api/v1/auth/me HTTP/1.1" 200 OK
INFO:     127.0.0.1:52637 - "GET /api/v1/auth/me HTTP/1.1" 200 OK
INFO:     127.0.0.1:52572 - "GET /api/v1/auth/me HTTP/1.1" 200 OK
INFO:     127.0.0.1:52572 - "GET /api/v1/auth/me HTTP/1.1" 200 OK
INFO:     127.0.0.1:52572 - "GET /api/v1/auth/me HTTP/1.1" 200 OK
INFO:     127.0.0.1:52572 - "GET /api/v1/auth/me HTTP/1.1" 200 OK
INFO:     127.0.0.1:52572 - "GET /api/v1/auth/me HTTP/1.1" 200 OK
INFO:     127.0.0.1:52572 - "GET /api/v1/auth/me HTTP/1.1" 200 OK
INFO:     127.0.0.1:52687 - "GET /api/v1/auth/me HTTP/1.1" 200 OK
INFO:     127.0.0.1:52572 - "GET /api/v1/auth/me HTTP/1.1" 200 OK
INFO:     127.0.0.1:52687 - "GET /api/v1/auth/me HTTP/1.1" 200 OK
INFO:     127.0.0.1:52572 - "GET /api/v1/auth/me HTTP/1.1" 200 OK
INFO:     127.0.0.1:52687 - "GET /api/v1/auth/me HTTP/1.1" 200 OK
INFO:     127.0.0.1:52572 - "GET /api/v1/auth/me HTTP/1.1" 200 OK
INFO:     127.0.0.1:52572 - "GET /api/v1/auth/me HTTP/1.1" 200 OK
INFO:     127.0.0.1:52687 - "GET /api/v1/auth/me HTTP/1.1" 200 OK
INFO:     127.0.0.1:52572 - "GET /api/v1/auth/me HTTP/1.1" 200 OK
INFO:     127.0.0.1:52687 - "GET /api/v1/auth/me HTTP/1.1" 200 OK
INFO:     127.0.0.1:52572 - "GET /api/v1/auth/me HTTP/1.1" 200 OK
INFO:     127.0.0.1:52572 - "GET /api/v1/auth/me HTTP/1.1" 200 OK
INFO:     127.0.0.1:52572 - "GET /api/v1/auth/me HTTP/1.1" 200 OK
INFO:     127.0.0.1:52572 - "GET /api/v1/auth/me HTTP/1.1" 200 OK
INFO:     127.0.0.1:52572 - "GET /api/v1/auth/me HTTP/1.1" 200 OK
INFO:     127.0.0.1:52572 - "GET /api/v1/auth/me HTTP/1.1" 200 OK
INFO:     127.0.0.1:52696 - "GET /api/v1/auth/me HTTP/1.1" 200 OK
INFO:     127.0.0.1:52572 - "GET /api/v1/auth/me HTTP/1.1" 200 OK
INFO:     127.0.0.1:52696 - "GET /api/v1/auth/me HTTP/1.1" 200 OK
INFO:     127.0.0.1:52572 - "GET /api/v1/auth/me HTTP/1.1" 200 OK
INFO:     127.0.0.1:52572 - "GET /api/v1/auth/me HTTP/1.1" 200 OK
INFO:     127.0.0.1:52572 - "GET /api/v1/auth/me HTTP/1.1" 200 OK
INFO:     127.0.0.1:52572 - "GET /api/v1/auth/me HTTP/1.1" 200 OK
INFO:     127.0.0.1:52572 - "GET /api/v1/auth/me HTTP/1.1" 200 OK
INFO:     127.0.0.1:52572 - "GET /api/v1/auth/me HTTP/1.1" 200 OK
INFO:     127.0.0.1:52572 - "GET /api/v1/auth/me HTTP/1.1" 200 OK
INFO:     127.0.0.1:52572 - "GET /api/v1/auth/me HTTP/1.1" 200 OK
INFO:     127.0.0.1:52572 - "GET /api/v1/auth/me HTTP/1.1" 200 OK
INFO:     127.0.0.1:52572 - "GET /api/v1/auth/me HTTP/1.1" 200 OK
INFO:     127.0.0.1:52572 - "GET /api/v1/auth/me HTTP/1.1" 200 OK
INFO:     127.0.0.1:52572 - "GET /api/v1/auth/me HTTP/1.1" 200 OK
INFO:     127.0.0.1:52572 - "GET /api/v1/auth/me HTTP/1.1" 200 OK
INFO:     127.0.0.1:52572 - "GET /api/v1/auth/me HTTP/1.1" 200 OK
INFO:     127.0.0.1:52572 - "GET /api/v1/auth/me HTTP/1.1" 200 OK
INFO:     127.0.0.1:52572 - "GET /api/v1/auth/me HTTP/1.1" 200 OK
INFO:     127.0.0.1:52572 - "GET /api/v1/auth/me HTTP/1.1" 200 OK
INFO:     127.0.0.1:52572 - "GET /api/v1/auth/me HTTP/1.1" 200 OK
INFO:     127.0.0.1:52572 - "GET /api/v1/auth/me HTTP/1.1" 200 OK
INFO:     127.0.0.1:52572 - "GET /api/v1/auth/me HTTP/1.1" 200 OK
INFO:     127.0.0.1:52572 - "GET /api/v1/auth/me HTTP/1.1" 200 OK
INFO:     127.0.0.1:52572 - "GET /api/v1/auth/me HTTP/1.1" 200 OK
INFO:     127.0.0.1:52572 - "GET /api/v1/auth/me HTTP/1.1" 200 OK
INFO:     127.0.0.1:52572 - "GET /api/v1/auth/me HTTP/1.1" 200 OK
INFO:     127.0.0.1:52572 - "GET /api/v1/auth/me HTTP/1.1" 200 OK
INFO:     127.0.0.1:52572 - "GET /api/v1/auth/me HTTP/1.1" 200 OK
INFO:     127.0.0.1:52572 - "GET /api/v1/auth/me HTTP/1.1" 200 OK
INFO:     127.0.0.1:52572 - "GET /api/v1/auth/me HTTP/1.1" 200 OK
INFO:     127.0.0.1:52572 - "GET /api/v1/auth/me HTTP/1.1" 200 OK
INFO:     127.0.0.1:52572 - "GET /api/v1/auth/me HTTP/1.1" 200 OK
INFO:     127.0.0.1:52572 - "GET /api/v1/auth/me HTTP/1.1" 200 OK
INFO:     127.0.0.1:52572 - "GET /api/v1/auth/me HTTP/1.1" 200 OK
INFO:     127.0.0.1:52572 - "GET /api/v1/auth/me HTTP/1.1" 200 OK
INFO:     127.0.0.1:52572 - "GET /api/v1/auth/me HTTP/1.1" 200 OK
INFO:     127.0.0.1:52572 - "GET /api/v1/auth/me HTTP/1.1" 200 OK
INFO:     127.0.0.1:52572 - "GET /api/v1/auth/me HTTP/1.1" 200 OK
INFO:     127.0.0.1:52572 - "GET /api/v1/auth/me HTTP/1.1" 200 OK
INFO:     127.0.0.1:52572 - "GET /api/v1/auth/me HTTP/1.1" 200 OK
INFO:     127.0.0.1:52572 - "GET /api/v1/auth/me HTTP/1.1" 200 OK
INFO:     127.0.0.1:52572 - "GET /api/v1/auth/me HTTP/1.1" 200 OK
INFO:     127.0.0.1:52572 - "GET /api/v1/auth/me HTTP/1.1" 200 OK
INFO:     127.0.0.1:52572 - "GET /api/v1/auth/me HTTP/1.1" 200 OK
INFO:     127.0.0.1:52572 - "GET /api/v1/auth/me HTTP/1.1" 200 OK
INFO:     127.0.0.1:52572 - "GET /api/v1/auth/me HTTP/1.1" 200 OK
INFO:     127.0.0.1:52572 - "GET /api/v1/auth/me HTTP/1.1" 200 OK
INFO:     127.0.0.1:52572 - "GET /api/v1/auth/me HTTP/1.1" 200 OK
INFO:     127.0.0.1:53110 - "GET /api/v1/auth/me HTTP/1.1" 500 Internal Server Error
ERROR:    Exception in ASGI application
Traceback (most recent call last):
  File "C:\Users\Ahsan\AppData\Local\Programs\Python\Python313\Lib\site-packages\sqlalchemy\pool\base.py", line 1311, in _checkout
    raise exc.InvalidatePoolError()
sqlalchemy.exc.InvalidatePoolError: ()

During handling of the above exception, another exception occurred:

Traceback (most recent call last):
  File "C:\Users\Ahsan\AppData\Local\Programs\Python\Python313\Lib\site-packages\sqlalchemy\engine\base.py", line 143, in __init__
    self._dbapi_connection = engine.raw_connection()
                             ~~~~~~~~~~~~~~~~~~~~~^^
  File "C:\Users\Ahsan\AppData\Local\Programs\Python\Python313\Lib\site-packages\sqlalchemy\engine\base.py", line 3301, in raw_connection
    return self.pool.connect()
           ~~~~~~~~~~~~~~~~~^^
  File "C:\Users\Ahsan\AppData\Local\Programs\Python\Python313\Lib\site-packages\sqlalchemy\pool\base.py", line 447, in connect
    return _ConnectionFairy._checkout(self)
           ~~~~~~~~~~~~~~~~~~~~~~~~~~^^^^^^
  File "C:\Users\Ahsan\AppData\Local\Programs\Python\Python313\Lib\site-packages\sqlalchemy\pool\base.py", line 1345, in _checkout
    with util.safe_reraise():
         ~~~~~~~~~~~~~~~~~^^
  File "C:\Users\Ahsan\AppData\Local\Programs\Python\Python313\Lib\site-packages\sqlalchemy\util\langhelpers.py", line 224, in __exit__
    raise exc_value.with_traceback(exc_tb)
  File "C:\Users\Ahsan\AppData\Local\Programs\Python\Python313\Lib\site-packages\sqlalchemy\pool\base.py", line 1342, in _checkout
    fairy._connection_record.get_connection()
    ~~~~~~~~~~~~~~~~~~~~~~~~~~~~~~~~~~~~~~~^^
  File "C:\Users\Ahsan\AppData\Local\Programs\Python\Python313\Lib\site-packages\sqlalchemy\pool\base.py", line 836, in get_connection
    self.__connect()
    ~~~~~~~~~~~~~~^^
  File "C:\Users\Ahsan\AppData\Local\Programs\Python\Python313\Lib\site-packages\sqlalchemy\pool\base.py", line 899, in __connect
    with util.safe_reraise():
         ~~~~~~~~~~~~~~~~~^^
  File "C:\Users\Ahsan\AppData\Local\Programs\Python\Python313\Lib\site-packages\sqlalchemy\util\langhelpers.py", line 224, in __exit__
    raise exc_value.with_traceback(exc_tb)
  File "C:\Users\Ahsan\AppData\Local\Programs\Python\Python313\Lib\site-packages\sqlalchemy\pool\base.py", line 895, in __connect
    self.dbapi_connection = connection = pool._invoke_creator(self)
                                         ~~~~~~~~~~~~~~~~~~~~^^^^^^
  File "C:\Users\Ahsan\AppData\Local\Programs\Python\Python313\Lib\site-packages\sqlalchemy\engine\create.py", line 661, in connect
    return dialect.connect(*cargs, **cparams)
           ~~~~~~~~~~~~~~~^^^^^^^^^^^^^^^^^^^
  File "C:\Users\Ahsan\AppData\Local\Programs\Python\Python313\Lib\site-packages\sqlalchemy\engine\default.py", line 629, in connect
    return self.loaded_dbapi.connect(*cargs, **cparams)  # type: ignore[no-any-return]  # NOQA: E501
           ~~~~~~~~~~~~~~~~~~~~~~~~~^^^^^^^^^^^^^^^^^^^
  File "C:\Users\Ahsan\AppData\Local\Programs\Python\Python313\Lib\site-packages\psycopg\connection.py", line 100, in connect
    attempts = conninfo_attempts(params)
  File "C:\Users\Ahsan\AppData\Local\Programs\Python\Python313\Lib\site-packages\psycopg\_conninfo_attempts.py", line 55, in conninfo_attempts
    raise last_exc
psycopg.OperationalError: failed to resolve host 'ep-summer-dawn-ae2falle-pooler.c-2.us-east-2.aws.neon.tech': [Errno 11001] getaddrinfo failed

The above exception was the direct cause of the following exception:

Traceback (most recent call last):
  File "C:\Users\Ahsan\AppData\Local\Programs\Python\Python313\Lib\site-packages\uvicorn\protocols\http\httptools_impl.py", line 409, in run_asgi
    result = await app(  # type: ignore[func-returns-value]
             ^^^^^^^^^^^^^^^^^^^^^^^^^^^^^^^^^^^^^^^^^^^^^^
        self.scope, self.receive, self.send
        ^^^^^^^^^^^^^^^^^^^^^^^^^^^^^^^^^^^
    )
    ^
  File "C:\Users\Ahsan\AppData\Local\Programs\Python\Python313\Lib\site-packages\uvicorn\middleware\proxy_headers.py", line 60, in __call__
    return await self.app(scope, receive, send)
           ^^^^^^^^^^^^^^^^^^^^^^^^^^^^^^^^^^^^
  File "C:\Users\Ahsan\AppData\Local\Programs\Python\Python313\Lib\site-packages\fastapi\applications.py", line 1134, in __call__
    await super().__call__(scope, receive, send)
  File "C:\Users\Ahsan\AppData\Local\Programs\Python\Python313\Lib\site-packages\starlette\applications.py", line 107, in __call__
    await self.middleware_stack(scope, receive, send)
  File "C:\Users\Ahsan\AppData\Local\Programs\Python\Python313\Lib\site-packages\starlette\middleware\errors.py", line 186, in __call__
    raise exc
  File "C:\Users\Ahsan\AppData\Local\Programs\Python\Python313\Lib\site-packages\starlette\middleware\errors.py", line 164, in __call__
    await self.app(scope, receive, _send)
  File "C:\Users\Ahsan\AppData\Local\Programs\Python\Python313\Lib\site-packages\starlette\middleware\cors.py", line 85, in __call__
    await self.app(scope, receive, send)
  File "C:\Users\Ahsan\AppData\Local\Programs\Python\Python313\Lib\site-packages\starlette\middleware\exceptions.py", line 63, in __call__
    await wrap_app_handling_exceptions(self.app, conn)(scope, receive, send)
  File "C:\Users\Ahsan\AppData\Local\Programs\Python\Python313\Lib\site-packages\starlette\_exception_handler.py", line 53, in wrapped_app
    raise exc
  File "C:\Users\Ahsan\AppData\Local\Programs\Python\Python313\Lib\site-packages\starlette\_exception_handler.py", line 42, in wrapped_app
    await app(scope, receive, sender)
  File "C:\Users\Ahsan\AppData\Local\Programs\Python\Python313\Lib\site-packages\fastapi\middleware\asyncexitstack.py", line 18, in __call__
    await self.app(scope, receive, send)
  File "C:\Users\Ahsan\AppData\Local\Programs\Python\Python313\Lib\site-packages\starlette\routing.py", line 716, in __call__
    await self.middleware_stack(scope, receive, send)
  File "C:\Users\Ahsan\AppData\Local\Programs\Python\Python313\Lib\site-packages\starlette\routing.py", line 736, in app
    await route.handle(scope, receive, send)
  File "C:\Users\Ahsan\AppData\Local\Programs\Python\Python313\Lib\site-packages\starlette\routing.py", line 290, in handle
    await self.app(scope, receive, send)
  File "C:\Users\Ahsan\AppData\Local\Programs\Python\Python313\Lib\site-packages\fastapi\routing.py", line 125, in app
    await wrap_app_handling_exceptions(app, request)(scope, receive, send)
  File "C:\Users\Ahsan\AppData\Local\Programs\Python\Python313\Lib\site-packages\starlette\_exception_handler.py", line 53, in wrapped_app
    raise exc
  File "C:\Users\Ahsan\AppData\Local\Programs\Python\Python313\Lib\site-packages\starlette\_exception_handler.py", line 42, in wrapped_app
    await app(scope, receive, sender)
  File "C:\Users\Ahsan\AppData\Local\Programs\Python\Python313\Lib\site-packages\fastapi\routing.py", line 111, in app
    response = await f(request)
               ^^^^^^^^^^^^^^^^
  File "C:\Users\Ahsan\AppData\Local\Programs\Python\Python313\Lib\site-packages\fastapi\routing.py", line 381, in app
    solved_result = await solve_dependencies(
                    ^^^^^^^^^^^^^^^^^^^^^^^^^
    ...<6 lines>...
    )
    ^
  File "C:\Users\Ahsan\AppData\Local\Programs\Python\Python313\Lib\site-packages\fastapi\dependencies\utils.py", line 645, in solve_dependencies
    solved = await call(**solved_result.values)
             ^^^^^^^^^^^^^^^^^^^^^^^^^^^^^^^^^^
  File "C:\Users\Ahsan\physical-ai-todo\backend\app\auth\dependencies.py", line 56, in get_current_user
    result = session.execute(select(User).where(User.id == user_id))
  File "C:\Users\Ahsan\AppData\Local\Programs\Python\Python313\Lib\site-packages\sqlmodel\orm\session.py", line 144, in execute
    return super().execute(
           ~~~~~~~~~~~~~~~^
        statement,
        ^^^^^^^^^^
    ...<4 lines>...
        _add_event=_add_event,
        ^^^^^^^^^^^^^^^^^^^^^^
    )
    ^
  File "C:\Users\Ahsan\AppData\Local\Programs\Python\Python313\Lib\site-packages\sqlalchemy\orm\session.py", line 2351, in execute
    return self._execute_internal(
           ~~~~~~~~~~~~~~~~~~~~~~^
        statement,
        ^^^^^^^^^^
    ...<4 lines>...
        _add_event=_add_event,
        ^^^^^^^^^^^^^^^^^^^^^^
    )
    ^
  File "C:\Users\Ahsan\AppData\Local\Programs\Python\Python313\Lib\site-packages\sqlalchemy\orm\session.py", line 2239, in _execute_internal
    conn = self._connection_for_bind(bind)
  File "C:\Users\Ahsan\AppData\Local\Programs\Python\Python313\Lib\site-packages\sqlalchemy\orm\session.py", line 2108, in _connection_for_bind
    return trans._connection_for_bind(engine, execution_options)
           ~~~~~~~~~~~~~~~~~~~~~~~~~~^^^^^^^^^^^^^^^^^^^^^^^^^^^
  File "<string>", line 2, in _connection_for_bind
  File "C:\Users\Ahsan\AppData\Local\Programs\Python\Python313\Lib\site-packages\sqlalchemy\orm\state_changes.py", line 137, in _go
    ret_value = fn(self, *arg, **kw)
  File "C:\Users\Ahsan\AppData\Local\Programs\Python\Python313\Lib\site-packages\sqlalchemy\orm\session.py", line 1187, in _connection_for_bind
    conn = bind.connect()
  File "C:\Users\Ahsan\AppData\Local\Programs\Python\Python313\Lib\site-packages\sqlalchemy\engine\base.py", line 3277, in connect
    return self._connection_cls(self)
           ~~~~~~~~~~~~~~~~~~~~^^^^^^
  File "C:\Users\Ahsan\AppData\Local\Programs\Python\Python313\Lib\site-packages\sqlalchemy\engine\base.py", line 145, in __init__
    Connection._handle_dbapi_exception_noconnection(
    ~~~~~~~~~~~~~~~~~~~~~~~~~~~~~~~~~~~~~~~~~~~~~~~^
        err, dialect, engine
        ^^^^^^^^^^^^^^^^^^^^
    )
    ^
  File "C:\Users\Ahsan\AppData\Local\Programs\Python\Python313\Lib\site-packages\sqlalchemy\engine\base.py", line 2440, in _handle_dbapi_exception_noconnection
    raise sqlalchemy_exception.with_traceback(exc_info[2]) from e
  File "C:\Users\Ahsan\AppData\Local\Programs\Python\Python313\Lib\site-packages\sqlalchemy\engine\base.py", line 143, in __init__
    self._dbapi_connection = engine.raw_connection()
                             ~~~~~~~~~~~~~~~~~~~~~^^
  File "C:\Users\Ahsan\AppData\Local\Programs\Python\Python313\Lib\site-packages\sqlalchemy\engine\base.py", line 3301, in raw_connection
    return self.pool.connect()
           ~~~~~~~~~~~~~~~~~^^
  File "C:\Users\Ahsan\AppData\Local\Programs\Python\Python313\Lib\site-packages\sqlalchemy\pool\base.py", line 447, in connect
    return _ConnectionFairy._checkout(self)
           ~~~~~~~~~~~~~~~~~~~~~~~~~~^^^^^^
  File "C:\Users\Ahsan\AppData\Local\Programs\Python\Python313\Lib\site-packages\sqlalchemy\pool\base.py", line 1345, in _checkout
    with util.safe_reraise():
         ~~~~~~~~~~~~~~~~~^^
  File "C:\Users\Ahsan\AppData\Local\Programs\Python\Python313\Lib\site-packages\sqlalchemy\util\langhelpers.py", line 224, in __exit__
    raise exc_value.with_traceback(exc_tb)
  File "C:\Users\Ahsan\AppData\Local\Programs\Python\Python313\Lib\site-packages\sqlalchemy\pool\base.py", line 1342, in _checkout
    fairy._connection_record.get_connection()
    ~~~~~~~~~~~~~~~~~~~~~~~~~~~~~~~~~~~~~~~^^
  File "C:\Users\Ahsan\AppData\Local\Programs\Python\Python313\Lib\site-packages\sqlalchemy\pool\base.py", line 836, in get_connection
    self.__connect()
    ~~~~~~~~~~~~~~^^
  File "C:\Users\Ahsan\AppData\Local\Programs\Python\Python313\Lib\site-packages\sqlalchemy\pool\base.py", line 899, in __connect
    with util.safe_reraise():
         ~~~~~~~~~~~~~~~~~^^
  File "C:\Users\Ahsan\AppData\Local\Programs\Python\Python313\Lib\site-packages\sqlalchemy\util\langhelpers.py", line 224, in __exit__
    raise exc_value.with_traceback(exc_tb)
  File "C:\Users\Ahsan\AppData\Local\Programs\Python\Python313\Lib\site-packages\sqlalchemy\pool\base.py", line 895, in __connect
    self.dbapi_connection = connection = pool._invoke_creator(self)
                                         ~~~~~~~~~~~~~~~~~~~~^^^^^^
  File "C:\Users\Ahsan\AppData\Local\Programs\Python\Python313\Lib\site-packages\sqlalchemy\engine\create.py", line 661, in connect
    return dialect.connect(*cargs, **cparams)
           ~~~~~~~~~~~~~~~^^^^^^^^^^^^^^^^^^^
  File "C:\Users\Ahsan\AppData\Local\Programs\Python\Python313\Lib\site-packages\sqlalchemy\engine\default.py", line 629, in connect
    return self.loaded_dbapi.connect(*cargs, **cparams)  # type: ignore[no-any-return]  # NOQA: E501
           ~~~~~~~~~~~~~~~~~~~~~~~~~^^^^^^^^^^^^^^^^^^^
  File "C:\Users\Ahsan\AppData\Local\Programs\Python\Python313\Lib\site-packages\psycopg\connection.py", line 100, in connect
    attempts = conninfo_attempts(params)
  File "C:\Users\Ahsan\AppData\Local\Programs\Python\Python313\Lib\site-packages\psycopg\_conninfo_attempts.py", line 55, in conninfo_attempts
    raise last_exc
sqlalchemy.exc.OperationalError: (psycopg.OperationalError) failed to resolve host 'ep-summer-dawn-ae2falle-pooler.c-2.us-east-2.aws.neon.tech': [Errno 11001] getaddrinfo failed
(Background on this error at: https://sqlalche.me/e/20/e3q8)
INFO:     127.0.0.1:53114 - "GET /api/v1/auth/me HTTP/1.1" 500 Internal Server Error
ERROR:    Exception in ASGI application
Traceback (most recent call last):
  File "C:\Users\Ahsan\AppData\Local\Programs\Python\Python313\Lib\site-packages\sqlalchemy\engine\base.py", line 143, in __init__
    self._dbapi_connection = engine.raw_connection()
                             ~~~~~~~~~~~~~~~~~~~~~^^
  File "C:\Users\Ahsan\AppData\Local\Programs\Python\Python313\Lib\site-packages\sqlalchemy\engine\base.py", line 3301, in raw_connection
    return self.pool.connect()
           ~~~~~~~~~~~~~~~~~^^
  File "C:\Users\Ahsan\AppData\Local\Programs\Python\Python313\Lib\site-packages\sqlalchemy\pool\base.py", line 447, in connect
    return _ConnectionFairy._checkout(self)
           ~~~~~~~~~~~~~~~~~~~~~~~~~~^^^^^^
  File "C:\Users\Ahsan\AppData\Local\Programs\Python\Python313\Lib\site-packages\sqlalchemy\pool\base.py", line 1264, in _checkout
    fairy = _ConnectionRecord.checkout(pool)
  File "C:\Users\Ahsan\AppData\Local\Programs\Python\Python313\Lib\site-packages\sqlalchemy\pool\base.py", line 716, in checkout
    with util.safe_reraise():
         ~~~~~~~~~~~~~~~~~^^
  File "C:\Users\Ahsan\AppData\Local\Programs\Python\Python313\Lib\site-packages\sqlalchemy\util\langhelpers.py", line 224, in __exit__
    raise exc_value.with_traceback(exc_tb)
  File "C:\Users\Ahsan\AppData\Local\Programs\Python\Python313\Lib\site-packages\sqlalchemy\pool\base.py", line 714, in checkout
    dbapi_connection = rec.get_connection()
  File "C:\Users\Ahsan\AppData\Local\Programs\Python\Python313\Lib\site-packages\sqlalchemy\pool\base.py", line 865, in get_connection
    self.__connect()
    ~~~~~~~~~~~~~~^^
  File "C:\Users\Ahsan\AppData\Local\Programs\Python\Python313\Lib\site-packages\sqlalchemy\pool\base.py", line 899, in __connect
    with util.safe_reraise():
         ~~~~~~~~~~~~~~~~~^^
  File "C:\Users\Ahsan\AppData\Local\Programs\Python\Python313\Lib\site-packages\sqlalchemy\util\langhelpers.py", line 224, in __exit__
    raise exc_value.with_traceback(exc_tb)
  File "C:\Users\Ahsan\AppData\Local\Programs\Python\Python313\Lib\site-packages\sqlalchemy\pool\base.py", line 895, in __connect
    self.dbapi_connection = connection = pool._invoke_creator(self)
                                         ~~~~~~~~~~~~~~~~~~~~^^^^^^
  File "C:\Users\Ahsan\AppData\Local\Programs\Python\Python313\Lib\site-packages\sqlalchemy\engine\create.py", line 661, in connect
    return dialect.connect(*cargs, **cparams)
           ~~~~~~~~~~~~~~~^^^^^^^^^^^^^^^^^^^
  File "C:\Users\Ahsan\AppData\Local\Programs\Python\Python313\Lib\site-packages\sqlalchemy\engine\default.py", line 629, in connect
    return self.loaded_dbapi.connect(*cargs, **cparams)  # type: ignore[no-any-return]  # NOQA: E501
           ~~~~~~~~~~~~~~~~~~~~~~~~~^^^^^^^^^^^^^^^^^^^
  File "C:\Users\Ahsan\AppData\Local\Programs\Python\Python313\Lib\site-packages\psycopg\connection.py", line 100, in connect
    attempts = conninfo_attempts(params)
  File "C:\Users\Ahsan\AppData\Local\Programs\Python\Python313\Lib\site-packages\psycopg\_conninfo_attempts.py", line 55, in conninfo_attempts
    raise last_exc
psycopg.OperationalError: failed to resolve host 'ep-summer-dawn-ae2falle-pooler.c-2.us-east-2.aws.neon.tech': [Errno 11001] getaddrinfo failed

The above exception was the direct cause of the following exception:

Traceback (most recent call last):
  File "C:\Users\Ahsan\AppData\Local\Programs\Python\Python313\Lib\site-packages\uvicorn\protocols\http\httptools_impl.py", line 409, in run_asgi
    result = await app(  # type: ignore[func-returns-value]
             ^^^^^^^^^^^^^^^^^^^^^^^^^^^^^^^^^^^^^^^^^^^^^^
        self.scope, self.receive, self.send
        ^^^^^^^^^^^^^^^^^^^^^^^^^^^^^^^^^^^
    )
    ^
  File "C:\Users\Ahsan\AppData\Local\Programs\Python\Python313\Lib\site-packages\uvicorn\middleware\proxy_headers.py", line 60, in __call__
    return await self.app(scope, receive, send)
           ^^^^^^^^^^^^^^^^^^^^^^^^^^^^^^^^^^^^
  File "C:\Users\Ahsan\AppData\Local\Programs\Python\Python313\Lib\site-packages\fastapi\applications.py", line 1134, in __call__
    await super().__call__(scope, receive, send)
  File "C:\Users\Ahsan\AppData\Local\Programs\Python\Python313\Lib\site-packages\starlette\applications.py", line 107, in __call__
    await self.middleware_stack(scope, receive, send)
  File "C:\Users\Ahsan\AppData\Local\Programs\Python\Python313\Lib\site-packages\starlette\middleware\errors.py", line 186, in __call__
    raise exc
  File "C:\Users\Ahsan\AppData\Local\Programs\Python\Python313\Lib\site-packages\starlette\middleware\errors.py", line 164, in __call__
    await self.app(scope, receive, _send)
  File "C:\Users\Ahsan\AppData\Local\Programs\Python\Python313\Lib\site-packages\starlette\middleware\cors.py", line 85, in __call__
    await self.app(scope, receive, send)
  File "C:\Users\Ahsan\AppData\Local\Programs\Python\Python313\Lib\site-packages\starlette\middleware\exceptions.py", line 63, in __call__
    await wrap_app_handling_exceptions(self.app, conn)(scope, receive, send)
  File "C:\Users\Ahsan\AppData\Local\Programs\Python\Python313\Lib\site-packages\starlette\_exception_handler.py", line 53, in wrapped_app
    raise exc
  File "C:\Users\Ahsan\AppData\Local\Programs\Python\Python313\Lib\site-packages\starlette\_exception_handler.py", line 42, in wrapped_app
    await app(scope, receive, sender)
  File "C:\Users\Ahsan\AppData\Local\Programs\Python\Python313\Lib\site-packages\fastapi\middleware\asyncexitstack.py", line 18, in __call__
    await self.app(scope, receive, send)
  File "C:\Users\Ahsan\AppData\Local\Programs\Python\Python313\Lib\site-packages\starlette\routing.py", line 716, in __call__
    await self.middleware_stack(scope, receive, send)
  File "C:\Users\Ahsan\AppData\Local\Programs\Python\Python313\Lib\site-packages\starlette\routing.py", line 736, in app
    await route.handle(scope, receive, send)
  File "C:\Users\Ahsan\AppData\Local\Programs\Python\Python313\Lib\site-packages\starlette\routing.py", line 290, in handle
    await self.app(scope, receive, send)
  File "C:\Users\Ahsan\AppData\Local\Programs\Python\Python313\Lib\site-packages\fastapi\routing.py", line 125, in app
    await wrap_app_handling_exceptions(app, request)(scope, receive, send)
  File "C:\Users\Ahsan\AppData\Local\Programs\Python\Python313\Lib\site-packages\starlette\_exception_handler.py", line 53, in wrapped_app
    raise exc
  File "C:\Users\Ahsan\AppData\Local\Programs\Python\Python313\Lib\site-packages\starlette\_exception_handler.py", line 42, in wrapped_app
    await app(scope, receive, sender)
  File "C:\Users\Ahsan\AppData\Local\Programs\Python\Python313\Lib\site-packages\fastapi\routing.py", line 111, in app
    response = await f(request)
               ^^^^^^^^^^^^^^^^
  File "C:\Users\Ahsan\AppData\Local\Programs\Python\Python313\Lib\site-packages\fastapi\routing.py", line 381, in app
    solved_result = await solve_dependencies(
                    ^^^^^^^^^^^^^^^^^^^^^^^^^
    ...<6 lines>...
    )
    ^
  File "C:\Users\Ahsan\AppData\Local\Programs\Python\Python313\Lib\site-packages\fastapi\dependencies\utils.py", line 645, in solve_dependencies
    solved = await call(**solved_result.values)
             ^^^^^^^^^^^^^^^^^^^^^^^^^^^^^^^^^^
  File "C:\Users\Ahsan\physical-ai-todo\backend\app\auth\dependencies.py", line 56, in get_current_user
    result = session.execute(select(User).where(User.id == user_id))
  File "C:\Users\Ahsan\AppData\Local\Programs\Python\Python313\Lib\site-packages\sqlmodel\orm\session.py", line 144, in execute
    return super().execute(
           ~~~~~~~~~~~~~~~^
        statement,
        ^^^^^^^^^^
    ...<4 lines>...
        _add_event=_add_event,
        ^^^^^^^^^^^^^^^^^^^^^^
    )
    ^
  File "C:\Users\Ahsan\AppData\Local\Programs\Python\Python313\Lib\site-packages\sqlalchemy\orm\session.py", line 2351, in execute
    return self._execute_internal(
           ~~~~~~~~~~~~~~~~~~~~~~^
        statement,
        ^^^^^^^^^^
    ...<4 lines>...
        _add_event=_add_event,
        ^^^^^^^^^^^^^^^^^^^^^^
    )
    ^
  File "C:\Users\Ahsan\AppData\Local\Programs\Python\Python313\Lib\site-packages\sqlalchemy\orm\session.py", line 2239, in _execute_internal
    conn = self._connection_for_bind(bind)
  File "C:\Users\Ahsan\AppData\Local\Programs\Python\Python313\Lib\site-packages\sqlalchemy\orm\session.py", line 2108, in _connection_for_bind
    return trans._connection_for_bind(engine, execution_options)
           ~~~~~~~~~~~~~~~~~~~~~~~~~~^^^^^^^^^^^^^^^^^^^^^^^^^^^
  File "<string>", line 2, in _connection_for_bind
  File "C:\Users\Ahsan\AppData\Local\Programs\Python\Python313\Lib\site-packages\sqlalchemy\orm\state_changes.py", line 137, in _go
    ret_value = fn(self, *arg, **kw)
  File "C:\Users\Ahsan\AppData\Local\Programs\Python\Python313\Lib\site-packages\sqlalchemy\orm\session.py", line 1187, in _connection_for_bind
    conn = bind.connect()
  File "C:\Users\Ahsan\AppData\Local\Programs\Python\Python313\Lib\site-packages\sqlalchemy\engine\base.py", line 3277, in connect
    return self._connection_cls(self)
           ~~~~~~~~~~~~~~~~~~~~^^^^^^
  File "C:\Users\Ahsan\AppData\Local\Programs\Python\Python313\Lib\site-packages\sqlalchemy\engine\base.py", line 145, in __init__
    Connection._handle_dbapi_exception_noconnection(
    ~~~~~~~~~~~~~~~~~~~~~~~~~~~~~~~~~~~~~~~~~~~~~~~^
        err, dialect, engine
        ^^^^^^^^^^^^^^^^^^^^
    )
    ^
  File "C:\Users\Ahsan\AppData\Local\Programs\Python\Python313\Lib\site-packages\sqlalchemy\engine\base.py", line 2440, in _handle_dbapi_exception_noconnection
    raise sqlalchemy_exception.with_traceback(exc_info[2]) from e
  File "C:\Users\Ahsan\AppData\Local\Programs\Python\Python313\Lib\site-packages\sqlalchemy\engine\base.py", line 143, in __init__
    self._dbapi_connection = engine.raw_connection()
                             ~~~~~~~~~~~~~~~~~~~~~^^
  File "C:\Users\Ahsan\AppData\Local\Programs\Python\Python313\Lib\site-packages\sqlalchemy\engine\base.py", line 3301, in raw_connection
    return self.pool.connect()
           ~~~~~~~~~~~~~~~~~^^
  File "C:\Users\Ahsan\AppData\Local\Programs\Python\Python313\Lib\site-packages\sqlalchemy\pool\base.py", line 447, in connect
    return _ConnectionFairy._checkout(self)
           ~~~~~~~~~~~~~~~~~~~~~~~~~~^^^^^^
  File "C:\Users\Ahsan\AppData\Local\Programs\Python\Python313\Lib\site-packages\sqlalchemy\pool\base.py", line 1264, in _checkout
    fairy = _ConnectionRecord.checkout(pool)
  File "C:\Users\Ahsan\AppData\Local\Programs\Python\Python313\Lib\site-packages\sqlalchemy\pool\base.py", line 716, in checkout
    with util.safe_reraise():
         ~~~~~~~~~~~~~~~~~^^
  File "C:\Users\Ahsan\AppData\Local\Programs\Python\Python313\Lib\site-packages\sqlalchemy\util\langhelpers.py", line 224, in __exit__
    raise exc_value.with_traceback(exc_tb)
  File "C:\Users\Ahsan\AppData\Local\Programs\Python\Python313\Lib\site-packages\sqlalchemy\pool\base.py", line 714, in checkout
    dbapi_connection = rec.get_connection()
  File "C:\Users\Ahsan\AppData\Local\Programs\Python\Python313\Lib\site-packages\sqlalchemy\pool\base.py", line 865, in get_connection
    self.__connect()
    ~~~~~~~~~~~~~~^^
  File "C:\Users\Ahsan\AppData\Local\Programs\Python\Python313\Lib\site-packages\sqlalchemy\pool\base.py", line 899, in __connect
    with util.safe_reraise():
         ~~~~~~~~~~~~~~~~~^^
  File "C:\Users\Ahsan\AppData\Local\Programs\Python\Python313\Lib\site-packages\sqlalchemy\util\langhelpers.py", line 224, in __exit__
    raise exc_value.with_traceback(exc_tb)
  File "C:\Users\Ahsan\AppData\Local\Programs\Python\Python313\Lib\site-packages\sqlalchemy\pool\base.py", line 895, in __connect
    self.dbapi_connection = connection = pool._invoke_creator(self)
                                         ~~~~~~~~~~~~~~~~~~~~^^^^^^
  File "C:\Users\Ahsan\AppData\Local\Programs\Python\Python313\Lib\site-packages\sqlalchemy\engine\create.py", line 661, in connect
    return dialect.connect(*cargs, **cparams)
           ~~~~~~~~~~~~~~~^^^^^^^^^^^^^^^^^^^
  File "C:\Users\Ahsan\AppData\Local\Programs\Python\Python313\Lib\site-packages\sqlalchemy\engine\default.py", line 629, in connect
    return self.loaded_dbapi.connect(*cargs, **cparams)  # type: ignore[no-any-return]  # NOQA: E501
           ~~~~~~~~~~~~~~~~~~~~~~~~~^^^^^^^^^^^^^^^^^^^
  File "C:\Users\Ahsan\AppData\Local\Programs\Python\Python313\Lib\site-packages\psycopg\connection.py", line 100, in connect
    attempts = conninfo_attempts(params)
  File "C:\Users\Ahsan\AppData\Local\Programs\Python\Python313\Lib\site-packages\psycopg\_conninfo_attempts.py", line 55, in conninfo_attempts
    raise last_exc
sqlalchemy.exc.OperationalError: (psycopg.OperationalError) failed to resolve host 'ep-summer-dawn-ae2falle-pooler.c-2.us-east-2.aws.neon.tech': [Errno 11001] getaddrinfo failed
(Background on this error at: https://sqlalche.me/e/20/e3q8)
INFO:     127.0.0.1:56254 - "GET /api/v1/auth/me HTTP/1.1" 500 Internal Server Error
ERROR:    Exception in ASGI application
Traceback (most recent call last):
  File "C:\Users\Ahsan\AppData\Local\Programs\Python\Python313\Lib\site-packages\sqlalchemy\engine\base.py", line 143, in __init__
    self._dbapi_connection = engine.raw_connection()
                             ~~~~~~~~~~~~~~~~~~~~~^^
  File "C:\Users\Ahsan\AppData\Local\Programs\Python\Python313\Lib\site-packages\sqlalchemy\engine\base.py", line 3301, in raw_connection
    return self.pool.connect()
           ~~~~~~~~~~~~~~~~~^^
  File "C:\Users\Ahsan\AppData\Local\Programs\Python\Python313\Lib\site-packages\sqlalchemy\pool\base.py", line 447, in connect
    return _ConnectionFairy._checkout(self)
           ~~~~~~~~~~~~~~~~~~~~~~~~~~^^^^^^
  File "C:\Users\Ahsan\AppData\Local\Programs\Python\Python313\Lib\site-packages\sqlalchemy\pool\base.py", line 1264, in _checkout
    fairy = _ConnectionRecord.checkout(pool)
  File "C:\Users\Ahsan\AppData\Local\Programs\Python\Python313\Lib\site-packages\sqlalchemy\pool\base.py", line 716, in checkout
    with util.safe_reraise():
         ~~~~~~~~~~~~~~~~~^^
  File "C:\Users\Ahsan\AppData\Local\Programs\Python\Python313\Lib\site-packages\sqlalchemy\util\langhelpers.py", line 224, in __exit__
    raise exc_value.with_traceback(exc_tb)
  File "C:\Users\Ahsan\AppData\Local\Programs\Python\Python313\Lib\site-packages\sqlalchemy\pool\base.py", line 714, in checkout
    dbapi_connection = rec.get_connection()
  File "C:\Users\Ahsan\AppData\Local\Programs\Python\Python313\Lib\site-packages\sqlalchemy\pool\base.py", line 865, in get_connection
    self.__connect()
    ~~~~~~~~~~~~~~^^
  File "C:\Users\Ahsan\AppData\Local\Programs\Python\Python313\Lib\site-packages\sqlalchemy\pool\base.py", line 899, in __connect
    with util.safe_reraise():
         ~~~~~~~~~~~~~~~~~^^
  File "C:\Users\Ahsan\AppData\Local\Programs\Python\Python313\Lib\site-packages\sqlalchemy\util\langhelpers.py", line 224, in __exit__
    raise exc_value.with_traceback(exc_tb)
  File "C:\Users\Ahsan\AppData\Local\Programs\Python\Python313\Lib\site-packages\sqlalchemy\pool\base.py", line 895, in __connect
    self.dbapi_connection = connection = pool._invoke_creator(self)
                                         ~~~~~~~~~~~~~~~~~~~~^^^^^^
  File "C:\Users\Ahsan\AppData\Local\Programs\Python\Python313\Lib\site-packages\sqlalchemy\engine\create.py", line 661, in connect
    return dialect.connect(*cargs, **cparams)
           ~~~~~~~~~~~~~~~^^^^^^^^^^^^^^^^^^^
  File "C:\Users\Ahsan\AppData\Local\Programs\Python\Python313\Lib\site-packages\sqlalchemy\engine\default.py", line 629, in connect
    return self.loaded_dbapi.connect(*cargs, **cparams)  # type: ignore[no-any-return]  # NOQA: E501
           ~~~~~~~~~~~~~~~~~~~~~~~~~^^^^^^^^^^^^^^^^^^^
  File "C:\Users\Ahsan\AppData\Local\Programs\Python\Python313\Lib\site-packages\psycopg\connection.py", line 100, in connect
    attempts = conninfo_attempts(params)
  File "C:\Users\Ahsan\AppData\Local\Programs\Python\Python313\Lib\site-packages\psycopg\_conninfo_attempts.py", line 55, in conninfo_attempts
    raise last_exc
psycopg.OperationalError: failed to resolve host 'ep-summer-dawn-ae2falle-pooler.c-2.us-east-2.aws.neon.tech': [Errno 11001] getaddrinfo failed

The above exception was the direct cause of the following exception:

Traceback (most recent call last):
  File "C:\Users\Ahsan\AppData\Local\Programs\Python\Python313\Lib\site-packages\uvicorn\protocols\http\httptools_impl.py", line 409, in run_asgi
    result = await app(  # type: ignore[func-returns-value]
             ^^^^^^^^^^^^^^^^^^^^^^^^^^^^^^^^^^^^^^^^^^^^^^
        self.scope, self.receive, self.send
        ^^^^^^^^^^^^^^^^^^^^^^^^^^^^^^^^^^^
    )
    ^
  File "C:\Users\Ahsan\AppData\Local\Programs\Python\Python313\Lib\site-packages\uvicorn\middleware\proxy_headers.py", line 60, in __call__
    return await self.app(scope, receive, send)
           ^^^^^^^^^^^^^^^^^^^^^^^^^^^^^^^^^^^^
  File "C:\Users\Ahsan\AppData\Local\Programs\Python\Python313\Lib\site-packages\fastapi\applications.py", line 1134, in __call__
    await super().__call__(scope, receive, send)
  File "C:\Users\Ahsan\AppData\Local\Programs\Python\Python313\Lib\site-packages\starlette\applications.py", line 107, in __call__
    await self.middleware_stack(scope, receive, send)
  File "C:\Users\Ahsan\AppData\Local\Programs\Python\Python313\Lib\site-packages\starlette\middleware\errors.py", line 186, in __call__
    raise exc
  File "C:\Users\Ahsan\AppData\Local\Programs\Python\Python313\Lib\site-packages\starlette\middleware\errors.py", line 164, in __call__
    await self.app(scope, receive, _send)
  File "C:\Users\Ahsan\AppData\Local\Programs\Python\Python313\Lib\site-packages\starlette\middleware\cors.py", line 85, in __call__
    await self.app(scope, receive, send)
  File "C:\Users\Ahsan\AppData\Local\Programs\Python\Python313\Lib\site-packages\starlette\middleware\exceptions.py", line 63, in __call__
    await wrap_app_handling_exceptions(self.app, conn)(scope, receive, send)
  File "C:\Users\Ahsan\AppData\Local\Programs\Python\Python313\Lib\site-packages\starlette\_exception_handler.py", line 53, in wrapped_app
    raise exc
  File "C:\Users\Ahsan\AppData\Local\Programs\Python\Python313\Lib\site-packages\starlette\_exception_handler.py", line 42, in wrapped_app
    await app(scope, receive, sender)
  File "C:\Users\Ahsan\AppData\Local\Programs\Python\Python313\Lib\site-packages\fastapi\middleware\asyncexitstack.py", line 18, in __call__
    await self.app(scope, receive, send)
  File "C:\Users\Ahsan\AppData\Local\Programs\Python\Python313\Lib\site-packages\starlette\routing.py", line 716, in __call__
    await self.middleware_stack(scope, receive, send)
  File "C:\Users\Ahsan\AppData\Local\Programs\Python\Python313\Lib\site-packages\starlette\routing.py", line 736, in app
    await route.handle(scope, receive, send)
  File "C:\Users\Ahsan\AppData\Local\Programs\Python\Python313\Lib\site-packages\starlette\routing.py", line 290, in handle
    await self.app(scope, receive, send)
  File "C:\Users\Ahsan\AppData\Local\Programs\Python\Python313\Lib\site-packages\fastapi\routing.py", line 125, in app
    await wrap_app_handling_exceptions(app, request)(scope, receive, send)
  File "C:\Users\Ahsan\AppData\Local\Programs\Python\Python313\Lib\site-packages\starlette\_exception_handler.py", line 53, in wrapped_app
    raise exc
  File "C:\Users\Ahsan\AppData\Local\Programs\Python\Python313\Lib\site-packages\starlette\_exception_handler.py", line 42, in wrapped_app
    await app(scope, receive, sender)
  File "C:\Users\Ahsan\AppData\Local\Programs\Python\Python313\Lib\site-packages\fastapi\routing.py", line 111, in app
    response = await f(request)
               ^^^^^^^^^^^^^^^^
  File "C:\Users\Ahsan\AppData\Local\Programs\Python\Python313\Lib\site-packages\fastapi\routing.py", line 381, in app
    solved_result = await solve_dependencies(
                    ^^^^^^^^^^^^^^^^^^^^^^^^^
    ...<6 lines>...
    )
    ^
  File "C:\Users\Ahsan\AppData\Local\Programs\Python\Python313\Lib\site-packages\fastapi\dependencies\utils.py", line 645, in solve_dependencies
    solved = await call(**solved_result.values)
             ^^^^^^^^^^^^^^^^^^^^^^^^^^^^^^^^^^
  File "C:\Users\Ahsan\physical-ai-todo\backend\app\auth\dependencies.py", line 56, in get_current_user
    result = session.execute(select(User).where(User.id == user_id))
  File "C:\Users\Ahsan\AppData\Local\Programs\Python\Python313\Lib\site-packages\sqlmodel\orm\session.py", line 144, in execute
    return super().execute(
           ~~~~~~~~~~~~~~~^
        statement,
        ^^^^^^^^^^
    ...<4 lines>...
        _add_event=_add_event,
        ^^^^^^^^^^^^^^^^^^^^^^
    )
    ^
  File "C:\Users\Ahsan\AppData\Local\Programs\Python\Python313\Lib\site-packages\sqlalchemy\orm\session.py", line 2351, in execute
    return self._execute_internal(
           ~~~~~~~~~~~~~~~~~~~~~~^
        statement,
        ^^^^^^^^^^
    ...<4 lines>...
        _add_event=_add_event,
        ^^^^^^^^^^^^^^^^^^^^^^
    )
    ^
  File "C:\Users\Ahsan\AppData\Local\Programs\Python\Python313\Lib\site-packages\sqlalchemy\orm\session.py", line 2239, in _execute_internal
    conn = self._connection_for_bind(bind)
  File "C:\Users\Ahsan\AppData\Local\Programs\Python\Python313\Lib\site-packages\sqlalchemy\orm\session.py", line 2108, in _connection_for_bind
    return trans._connection_for_bind(engine, execution_options)
           ~~~~~~~~~~~~~~~~~~~~~~~~~~^^^^^^^^^^^^^^^^^^^^^^^^^^^
  File "<string>", line 2, in _connection_for_bind
  File "C:\Users\Ahsan\AppData\Local\Programs\Python\Python313\Lib\site-packages\sqlalchemy\orm\state_changes.py", line 137, in _go
    ret_value = fn(self, *arg, **kw)
  File "C:\Users\Ahsan\AppData\Local\Programs\Python\Python313\Lib\site-packages\sqlalchemy\orm\session.py", line 1187, in _connection_for_bind
    conn = bind.connect()
  File "C:\Users\Ahsan\AppData\Local\Programs\Python\Python313\Lib\site-packages\sqlalchemy\engine\base.py", line 3277, in connect
    return self._connection_cls(self)
           ~~~~~~~~~~~~~~~~~~~~^^^^^^
  File "C:\Users\Ahsan\AppData\Local\Programs\Python\Python313\Lib\site-packages\sqlalchemy\engine\base.py", line 145, in __init__
    Connection._handle_dbapi_exception_noconnection(
    ~~~~~~~~~~~~~~~~~~~~~~~~~~~~~~~~~~~~~~~~~~~~~~~^
        err, dialect, engine
        ^^^^^^^^^^^^^^^^^^^^
    )
    ^
  File "C:\Users\Ahsan\AppData\Local\Programs\Python\Python313\Lib\site-packages\sqlalchemy\engine\base.py", line 2440, in _handle_dbapi_exception_noconnection
    raise sqlalchemy_exception.with_traceback(exc_info[2]) from e
  File "C:\Users\Ahsan\AppData\Local\Programs\Python\Python313\Lib\site-packages\sqlalchemy\engine\base.py", line 143, in __init__
    self._dbapi_connection = engine.raw_connection()
                             ~~~~~~~~~~~~~~~~~~~~~^^
  File "C:\Users\Ahsan\AppData\Local\Programs\Python\Python313\Lib\site-packages\sqlalchemy\engine\base.py", line 3301, in raw_connection
    return self.pool.connect()
           ~~~~~~~~~~~~~~~~~^^
  File "C:\Users\Ahsan\AppData\Local\Programs\Python\Python313\Lib\site-packages\sqlalchemy\pool\base.py", line 447, in connect
    return _ConnectionFairy._checkout(self)
           ~~~~~~~~~~~~~~~~~~~~~~~~~~^^^^^^
  File "C:\Users\Ahsan\AppData\Local\Programs\Python\Python313\Lib\site-packages\sqlalchemy\pool\base.py", line 1264, in _checkout
    fairy = _ConnectionRecord.checkout(pool)
  File "C:\Users\Ahsan\AppData\Local\Programs\Python\Python313\Lib\site-packages\sqlalchemy\pool\base.py", line 716, in checkout
    with util.safe_reraise():
         ~~~~~~~~~~~~~~~~~^^
  File "C:\Users\Ahsan\AppData\Local\Programs\Python\Python313\Lib\site-packages\sqlalchemy\util\langhelpers.py", line 224, in __exit__
    raise exc_value.with_traceback(exc_tb)
  File "C:\Users\Ahsan\AppData\Local\Programs\Python\Python313\Lib\site-packages\sqlalchemy\pool\base.py", line 714, in checkout
    dbapi_connection = rec.get_connection()
  File "C:\Users\Ahsan\AppData\Local\Programs\Python\Python313\Lib\site-packages\sqlalchemy\pool\base.py", line 865, in get_connection
    self.__connect()
    ~~~~~~~~~~~~~~^^
  File "C:\Users\Ahsan\AppData\Local\Programs\Python\Python313\Lib\site-packages\sqlalchemy\pool\base.py", line 899, in __connect
    with util.safe_reraise():
         ~~~~~~~~~~~~~~~~~^^
  File "C:\Users\Ahsan\AppData\Local\Programs\Python\Python313\Lib\site-packages\sqlalchemy\util\langhelpers.py", line 224, in __exit__
    raise exc_value.with_traceback(exc_tb)
  File "C:\Users\Ahsan\AppData\Local\Programs\Python\Python313\Lib\site-packages\sqlalchemy\pool\base.py", line 895, in __connect
    self.dbapi_connection = connection = pool._invoke_creator(self)
                                         ~~~~~~~~~~~~~~~~~~~~^^^^^^
  File "C:\Users\Ahsan\AppData\Local\Programs\Python\Python313\Lib\site-packages\sqlalchemy\engine\create.py", line 661, in connect
    return dialect.connect(*cargs, **cparams)
           ~~~~~~~~~~~~~~~^^^^^^^^^^^^^^^^^^^
  File "C:\Users\Ahsan\AppData\Local\Programs\Python\Python313\Lib\site-packages\sqlalchemy\engine\default.py", line 629, in connect
    return self.loaded_dbapi.connect(*cargs, **cparams)  # type: ignore[no-any-return]  # NOQA: E501
           ~~~~~~~~~~~~~~~~~~~~~~~~~^^^^^^^^^^^^^^^^^^^
  File "C:\Users\Ahsan\AppData\Local\Programs\Python\Python313\Lib\site-packages\psycopg\connection.py", line 100, in connect
    attempts = conninfo_attempts(params)
  File "C:\Users\Ahsan\AppData\Local\Programs\Python\Python313\Lib\site-packages\psycopg\_conninfo_attempts.py", line 55, in conninfo_attempts
    raise last_exc
sqlalchemy.exc.OperationalError: (psycopg.OperationalError) failed to resolve host 'ep-summer-dawn-ae2falle-pooler.c-2.us-east-2.aws.neon.tech': [Errno 11001] getaddrinfo failed
(Background on this error at: https://sqlalche.me/e/20/e3q8)
INFO:     127.0.0.1:56256 - "GET /api/v1/auth/me HTTP/1.1" 500 Internal Server Error
ERROR:    Exception in ASGI application
Traceback (most recent call last):
  File "C:\Users\Ahsan\AppData\Local\Programs\Python\Python313\Lib\site-packages\sqlalchemy\engine\base.py", line 143, in __init__
    self._dbapi_connection = engine.raw_connection()
                             ~~~~~~~~~~~~~~~~~~~~~^^
  File "C:\Users\Ahsan\AppData\Local\Programs\Python\Python313\Lib\site-packages\sqlalchemy\engine\base.py", line 3301, in raw_connection
    return self.pool.connect()
           ~~~~~~~~~~~~~~~~~^^
  File "C:\Users\Ahsan\AppData\Local\Programs\Python\Python313\Lib\site-packages\sqlalchemy\pool\base.py", line 447, in connect
    return _ConnectionFairy._checkout(self)
           ~~~~~~~~~~~~~~~~~~~~~~~~~~^^^^^^
  File "C:\Users\Ahsan\AppData\Local\Programs\Python\Python313\Lib\site-packages\sqlalchemy\pool\base.py", line 1264, in _checkout
    fairy = _ConnectionRecord.checkout(pool)
  File "C:\Users\Ahsan\AppData\Local\Programs\Python\Python313\Lib\site-packages\sqlalchemy\pool\base.py", line 716, in checkout
    with util.safe_reraise():
         ~~~~~~~~~~~~~~~~~^^
  File "C:\Users\Ahsan\AppData\Local\Programs\Python\Python313\Lib\site-packages\sqlalchemy\util\langhelpers.py", line 224, in __exit__
    raise exc_value.with_traceback(exc_tb)
  File "C:\Users\Ahsan\AppData\Local\Programs\Python\Python313\Lib\site-packages\sqlalchemy\pool\base.py", line 714, in checkout
    dbapi_connection = rec.get_connection()
  File "C:\Users\Ahsan\AppData\Local\Programs\Python\Python313\Lib\site-packages\sqlalchemy\pool\base.py", line 865, in get_connection
    self.__connect()
    ~~~~~~~~~~~~~~^^
  File "C:\Users\Ahsan\AppData\Local\Programs\Python\Python313\Lib\site-packages\sqlalchemy\pool\base.py", line 899, in __connect
    with util.safe_reraise():
         ~~~~~~~~~~~~~~~~~^^
  File "C:\Users\Ahsan\AppData\Local\Programs\Python\Python313\Lib\site-packages\sqlalchemy\util\langhelpers.py", line 224, in __exit__
    raise exc_value.with_traceback(exc_tb)
  File "C:\Users\Ahsan\AppData\Local\Programs\Python\Python313\Lib\site-packages\sqlalchemy\pool\base.py", line 895, in __connect
    self.dbapi_connection = connection = pool._invoke_creator(self)
                                         ~~~~~~~~~~~~~~~~~~~~^^^^^^
  File "C:\Users\Ahsan\AppData\Local\Programs\Python\Python313\Lib\site-packages\sqlalchemy\engine\create.py", line 661, in connect
    return dialect.connect(*cargs, **cparams)
           ~~~~~~~~~~~~~~~^^^^^^^^^^^^^^^^^^^
  File "C:\Users\Ahsan\AppData\Local\Programs\Python\Python313\Lib\site-packages\sqlalchemy\engine\default.py", line 629, in connect
    return self.loaded_dbapi.connect(*cargs, **cparams)  # type: ignore[no-any-return]  # NOQA: E501
           ~~~~~~~~~~~~~~~~~~~~~~~~~^^^^^^^^^^^^^^^^^^^
  File "C:\Users\Ahsan\AppData\Local\Programs\Python\Python313\Lib\site-packages\psycopg\connection.py", line 100, in connect
    attempts = conninfo_attempts(params)
  File "C:\Users\Ahsan\AppData\Local\Programs\Python\Python313\Lib\site-packages\psycopg\_conninfo_attempts.py", line 55, in conninfo_attempts
    raise last_exc
psycopg.OperationalError: failed to resolve host 'ep-summer-dawn-ae2falle-pooler.c-2.us-east-2.aws.neon.tech': [Errno 11001] getaddrinfo failed

The above exception was the direct cause of the following exception:

Traceback (most recent call last):
  File "C:\Users\Ahsan\AppData\Local\Programs\Python\Python313\Lib\site-packages\uvicorn\protocols\http\httptools_impl.py", line 409, in run_asgi
    result = await app(  # type: ignore[func-returns-value]
             ^^^^^^^^^^^^^^^^^^^^^^^^^^^^^^^^^^^^^^^^^^^^^^
        self.scope, self.receive, self.send
        ^^^^^^^^^^^^^^^^^^^^^^^^^^^^^^^^^^^
    )
    ^
  File "C:\Users\Ahsan\AppData\Local\Programs\Python\Python313\Lib\site-packages\uvicorn\middleware\proxy_headers.py", line 60, in __call__
    return await self.app(scope, receive, send)
           ^^^^^^^^^^^^^^^^^^^^^^^^^^^^^^^^^^^^
  File "C:\Users\Ahsan\AppData\Local\Programs\Python\Python313\Lib\site-packages\fastapi\applications.py", line 1134, in __call__
    await super().__call__(scope, receive, send)
  File "C:\Users\Ahsan\AppData\Local\Programs\Python\Python313\Lib\site-packages\starlette\applications.py", line 107, in __call__
    await self.middleware_stack(scope, receive, send)
  File "C:\Users\Ahsan\AppData\Local\Programs\Python\Python313\Lib\site-packages\starlette\middleware\errors.py", line 186, in __call__
    raise exc
  File "C:\Users\Ahsan\AppData\Local\Programs\Python\Python313\Lib\site-packages\starlette\middleware\errors.py", line 164, in __call__
    await self.app(scope, receive, _send)
  File "C:\Users\Ahsan\AppData\Local\Programs\Python\Python313\Lib\site-packages\starlette\middleware\cors.py", line 85, in __call__
    await self.app(scope, receive, send)
  File "C:\Users\Ahsan\AppData\Local\Programs\Python\Python313\Lib\site-packages\starlette\middleware\exceptions.py", line 63, in __call__
    await wrap_app_handling_exceptions(self.app, conn)(scope, receive, send)
  File "C:\Users\Ahsan\AppData\Local\Programs\Python\Python313\Lib\site-packages\starlette\_exception_handler.py", line 53, in wrapped_app
    raise exc
  File "C:\Users\Ahsan\AppData\Local\Programs\Python\Python313\Lib\site-packages\starlette\_exception_handler.py", line 42, in wrapped_app
    await app(scope, receive, sender)
  File "C:\Users\Ahsan\AppData\Local\Programs\Python\Python313\Lib\site-packages\fastapi\middleware\asyncexitstack.py", line 18, in __call__
    await self.app(scope, receive, send)
  File "C:\Users\Ahsan\AppData\Local\Programs\Python\Python313\Lib\site-packages\starlette\routing.py", line 716, in __call__
    await self.middleware_stack(scope, receive, send)
  File "C:\Users\Ahsan\AppData\Local\Programs\Python\Python313\Lib\site-packages\starlette\routing.py", line 736, in app
    await route.handle(scope, receive, send)
  File "C:\Users\Ahsan\AppData\Local\Programs\Python\Python313\Lib\site-packages\starlette\routing.py", line 290, in handle
    await self.app(scope, receive, send)
  File "C:\Users\Ahsan\AppData\Local\Programs\Python\Python313\Lib\site-packages\fastapi\routing.py", line 125, in app
    await wrap_app_handling_exceptions(app, request)(scope, receive, send)
  File "C:\Users\Ahsan\AppData\Local\Programs\Python\Python313\Lib\site-packages\starlette\_exception_handler.py", line 53, in wrapped_app
    raise exc
  File "C:\Users\Ahsan\AppData\Local\Programs\Python\Python313\Lib\site-packages\starlette\_exception_handler.py", line 42, in wrapped_app
    await app(scope, receive, sender)
  File "C:\Users\Ahsan\AppData\Local\Programs\Python\Python313\Lib\site-packages\fastapi\routing.py", line 111, in app
    response = await f(request)
               ^^^^^^^^^^^^^^^^
  File "C:\Users\Ahsan\AppData\Local\Programs\Python\Python313\Lib\site-packages\fastapi\routing.py", line 381, in app
    solved_result = await solve_dependencies(
                    ^^^^^^^^^^^^^^^^^^^^^^^^^
    ...<6 lines>...
    )
    ^
  File "C:\Users\Ahsan\AppData\Local\Programs\Python\Python313\Lib\site-packages\fastapi\dependencies\utils.py", line 645, in solve_dependencies
    solved = await call(**solved_result.values)
             ^^^^^^^^^^^^^^^^^^^^^^^^^^^^^^^^^^
  File "C:\Users\Ahsan\physical-ai-todo\backend\app\auth\dependencies.py", line 56, in get_current_user
    result = session.execute(select(User).where(User.id == user_id))
  File "C:\Users\Ahsan\AppData\Local\Programs\Python\Python313\Lib\site-packages\sqlmodel\orm\session.py", line 144, in execute
    return super().execute(
           ~~~~~~~~~~~~~~~^
        statement,
        ^^^^^^^^^^
    ...<4 lines>...
        _add_event=_add_event,
        ^^^^^^^^^^^^^^^^^^^^^^
    )
    ^
  File "C:\Users\Ahsan\AppData\Local\Programs\Python\Python313\Lib\site-packages\sqlalchemy\orm\session.py", line 2351, in execute
    return self._execute_internal(
           ~~~~~~~~~~~~~~~~~~~~~~^
        statement,
        ^^^^^^^^^^
    ...<4 lines>...
        _add_event=_add_event,
        ^^^^^^^^^^^^^^^^^^^^^^
    )
    ^
  File "C:\Users\Ahsan\AppData\Local\Programs\Python\Python313\Lib\site-packages\sqlalchemy\orm\session.py", line 2239, in _execute_internal
    conn = self._connection_for_bind(bind)
  File "C:\Users\Ahsan\AppData\Local\Programs\Python\Python313\Lib\site-packages\sqlalchemy\orm\session.py", line 2108, in _connection_for_bind
    return trans._connection_for_bind(engine, execution_options)
           ~~~~~~~~~~~~~~~~~~~~~~~~~~^^^^^^^^^^^^^^^^^^^^^^^^^^^
  File "<string>", line 2, in _connection_for_bind
  File "C:\Users\Ahsan\AppData\Local\Programs\Python\Python313\Lib\site-packages\sqlalchemy\orm\state_changes.py", line 137, in _go
    ret_value = fn(self, *arg, **kw)
  File "C:\Users\Ahsan\AppData\Local\Programs\Python\Python313\Lib\site-packages\sqlalchemy\orm\session.py", line 1187, in _connection_for_bind
    conn = bind.connect()
  File "C:\Users\Ahsan\AppData\Local\Programs\Python\Python313\Lib\site-packages\sqlalchemy\engine\base.py", line 3277, in connect
    return self._connection_cls(self)
           ~~~~~~~~~~~~~~~~~~~~^^^^^^
  File "C:\Users\Ahsan\AppData\Local\Programs\Python\Python313\Lib\site-packages\sqlalchemy\engine\base.py", line 145, in __init__
    Connection._handle_dbapi_exception_noconnection(
    ~~~~~~~~~~~~~~~~~~~~~~~~~~~~~~~~~~~~~~~~~~~~~~~^
        err, dialect, engine
        ^^^^^^^^^^^^^^^^^^^^
    )
    ^
  File "C:\Users\Ahsan\AppData\Local\Programs\Python\Python313\Lib\site-packages\sqlalchemy\engine\base.py", line 2440, in _handle_dbapi_exception_noconnection
    raise sqlalchemy_exception.with_traceback(exc_info[2]) from e
  File "C:\Users\Ahsan\AppData\Local\Programs\Python\Python313\Lib\site-packages\sqlalchemy\engine\base.py", line 143, in __init__
    self._dbapi_connection = engine.raw_connection()
                             ~~~~~~~~~~~~~~~~~~~~~^^
  File "C:\Users\Ahsan\AppData\Local\Programs\Python\Python313\Lib\site-packages\sqlalchemy\engine\base.py", line 3301, in raw_connection
    return self.pool.connect()
           ~~~~~~~~~~~~~~~~~^^
  File "C:\Users\Ahsan\AppData\Local\Programs\Python\Python313\Lib\site-packages\sqlalchemy\pool\base.py", line 447, in connect
    return _ConnectionFairy._checkout(self)
           ~~~~~~~~~~~~~~~~~~~~~~~~~~^^^^^^
  File "C:\Users\Ahsan\AppData\Local\Programs\Python\Python313\Lib\site-packages\sqlalchemy\pool\base.py", line 1264, in _checkout
    fairy = _ConnectionRecord.checkout(pool)
  File "C:\Users\Ahsan\AppData\Local\Programs\Python\Python313\Lib\site-packages\sqlalchemy\pool\base.py", line 716, in checkout
    with util.safe_reraise():
         ~~~~~~~~~~~~~~~~~^^
  File "C:\Users\Ahsan\AppData\Local\Programs\Python\Python313\Lib\site-packages\sqlalchemy\util\langhelpers.py", line 224, in __exit__
    raise exc_value.with_traceback(exc_tb)
  File "C:\Users\Ahsan\AppData\Local\Programs\Python\Python313\Lib\site-packages\sqlalchemy\pool\base.py", line 714, in checkout
    dbapi_connection = rec.get_connection()
  File "C:\Users\Ahsan\AppData\Local\Programs\Python\Python313\Lib\site-packages\sqlalchemy\pool\base.py", line 865, in get_connection
    self.__connect()
    ~~~~~~~~~~~~~~^^
  File "C:\Users\Ahsan\AppData\Local\Programs\Python\Python313\Lib\site-packages\sqlalchemy\pool\base.py", line 899, in __connect
    with util.safe_reraise():
         ~~~~~~~~~~~~~~~~~^^
  File "C:\Users\Ahsan\AppData\Local\Programs\Python\Python313\Lib\site-packages\sqlalchemy\util\langhelpers.py", line 224, in __exit__
    raise exc_value.with_traceback(exc_tb)
  File "C:\Users\Ahsan\AppData\Local\Programs\Python\Python313\Lib\site-packages\sqlalchemy\pool\base.py", line 895, in __connect
    self.dbapi_connection = connection = pool._invoke_creator(self)
                                         ~~~~~~~~~~~~~~~~~~~~^^^^^^
  File "C:\Users\Ahsan\AppData\Local\Programs\Python\Python313\Lib\site-packages\sqlalchemy\engine\create.py", line 661, in connect
    return dialect.connect(*cargs, **cparams)
           ~~~~~~~~~~~~~~~^^^^^^^^^^^^^^^^^^^
  File "C:\Users\Ahsan\AppData\Local\Programs\Python\Python313\Lib\site-packages\sqlalchemy\engine\default.py", line 629, in connect
    return self.loaded_dbapi.connect(*cargs, **cparams)  # type: ignore[no-any-return]  # NOQA: E501
           ~~~~~~~~~~~~~~~~~~~~~~~~~^^^^^^^^^^^^^^^^^^^
  File "C:\Users\Ahsan\AppData\Local\Programs\Python\Python313\Lib\site-packages\psycopg\connection.py", line 100, in connect
    attempts = conninfo_attempts(params)
  File "C:\Users\Ahsan\AppData\Local\Programs\Python\Python313\Lib\site-packages\psycopg\_conninfo_attempts.py", line 55, in conninfo_attempts
    raise last_exc
sqlalchemy.exc.OperationalError: (psycopg.OperationalError) failed to resolve host 'ep-summer-dawn-ae2falle-pooler.c-2.us-east-2.aws.neon.tech': [Errno 11001] getaddrinfo failed
(Background on this error at: https://sqlalche.me/e/20/e3q8)
INFO:     127.0.0.1:56324 - "GET /api/v1/auth/me HTTP/1.1" 200 OK
INFO:     127.0.0.1:56328 - "GET /api/v1/auth/me HTTP/1.1" 200 OK
INFO:     127.0.0.1:56339 - "GET /api/v1/auth/me HTTP/1.1" 200 OK
INFO:     127.0.0.1:56339 - "GET /api/v1/auth/me HTTP/1.1" 200 OK
INFO:     127.0.0.1:56344 - "GET /api/v1/auth/me HTTP/1.1" 200 OK
INFO:     127.0.0.1:56397 - "GET /api/v1/auth/me HTTP/1.1" 200 OK
INFO:     127.0.0.1:56747 - "GET /api/v1/auth/me HTTP/1.1" 200 OK
INFO:     127.0.0.1:56747 - "GET /api/v1/auth/me HTTP/1.1" 200 OK
INFO:     127.0.0.1:56766 - "GET /api/v1/auth/me HTTP/1.1" 200 OK
INFO:     127.0.0.1:56768 - "GET /api/v1/auth/me HTTP/1.1" 200 OK
INFO:     127.0.0.1:56766 - "GET /api/v1/auth/me HTTP/1.1" 200 OK
INFO:     127.0.0.1:56771 - "GET /api/v1/auth/me HTTP/1.1" 200 OK
INFO:     127.0.0.1:56768 - "GET /api/v1/auth/me HTTP/1.1" 200 OK
INFO:     127.0.0.1:56766 - "GET /api/v1/auth/me HTTP/1.1" 200 OK
INFO:     127.0.0.1:56766 - "GET /api/v1/auth/me HTTP/1.1" 200 OK
INFO:     127.0.0.1:56766 - "GET /api/v1/auth/me HTTP/1.1" 200 OK
INFO:     127.0.0.1:56775 - "OPTIONS /api/v1/tasks?sort=created_at&order=desc HTTP/1.1" 200 OK
INFO:     127.0.0.1:56769 - "GET /api/v1/tasks?sort=created_at&order=desc HTTP/1.1" 200 OK
INFO:     127.0.0.1:56766 - "GET /api/v1/auth/me HTTP/1.1" 200 OK
INFO:     127.0.0.1:56769 - "GET /api/v1/auth/me HTTP/1.1" 200 OK
INFO:     127.0.0.1:56766 - "GET /api/v1/auth/me HTTP/1.1" 200 OK
INFO:     127.0.0.1:56769 - "GET /api/v1/auth/me HTTP/1.1" 200 OK
INFO:     127.0.0.1:56766 - "GET /api/v1/auth/me HTTP/1.1" 200 OK
INFO:     127.0.0.1:56822 - "GET /health HTTP/1.1" 200 OK
INFO:     127.0.0.1:56872 - "GET /api/v1/auth/me HTTP/1.1" 401 Unauthorized
INFO:     127.0.0.1:56915 - "GET /api/v1/auth/me HTTP/1.1" 200 OK
INFO:     127.0.0.1:56935 - "GET /api/v1/auth/me HTTP/1.1" 200 OK
INFO:     127.0.0.1:56935 - "GET /api/v1/auth/me HTTP/1.1" 200 OK
INFO:     127.0.0.1:56945 - "GET /api/v1/auth/me HTTP/1.1" 200 OK
INFO:     127.0.0.1:56944 - "GET /api/v1/tasks?sort=created_at&order=desc HTTP/1.1" 200 OK
INFO:     127.0.0.1:56935 - "GET /api/v1/auth/me HTTP/1.1" 200 OK
INFO:     127.0.0.1:56945 - "GET /api/v1/auth/me HTTP/1.1" 200 OK
INFO:     127.0.0.1:56935 - "GET /api/v1/auth/me HTTP/1.1" 200 OK
INFO:     127.0.0.1:56935 - "GET /api/v1/auth/me HTTP/1.1" 200 OK
INFO:     127.0.0.1:56953 - "GET /api/v1/auth/me HTTP/1.1" 200 OK
INFO:     127.0.0.1:56946 - "GET /api/v1/auth/me HTTP/1.1" 200 OK
INFO:     127.0.0.1:56953 - "GET /api/v1/auth/me HTTP/1.1" 200 OK
INFO:     127.0.0.1:56946 - "GET /api/v1/auth/me HTTP/1.1" 200 OK
INFO:     127.0.0.1:56953 - "GET /api/v1/auth/me HTTP/1.1" 200 OK
INFO:     127.0.0.1:56961 - "OPTIONS /api/v1/chat HTTP/1.1" 200 OK
INFO:     127.0.0.1:56965 - "POST /api/v1/chat HTTP/1.1" 200 OK
INFO:     127.0.0.1:56979 - "POST /api/v1/chat HTTP/1.1" 200 OK
INFO:     127.0.0.1:56980 - "POST /api/v1/chat HTTP/1.1" 200 OK
INFO:     127.0.0.1:56997 - "POST /api/v1/chat HTTP/1.1" 200 OK
INFO:     127.0.0.1:56998 - "POST /api/v1/chat HTTP/1.1" 200 OK
INFO:     127.0.0.1:57006 - "POST /api/v1/chat HTTP/1.1" 200 OK
INFO:     127.0.0.1:57086 - "GET /api/v1/auth/me HTTP/1.1" 200 OK
INFO:     127.0.0.1:57123 - "GET /api/v1/auth/me HTTP/1.1" 200 OK
INFO:     127.0.0.1:57202 - "OPTIONS /api/v1/tasks HTTP/1.1" 200 OK
INFO:     127.0.0.1:57203 - "OPTIONS /api/v1/tasks HTTP/1.1" 200 OK
INFO:     127.0.0.1:57208 - "GET /api/v1/tasks HTTP/1.1" 200 OK
INFO:     127.0.0.1:57208 - "GET /api/v1/tasks HTTP/1.1" 200 OK
INFO:     127.0.0.1:57212 - "GET /api/v1/auth/me HTTP/1.1" 200 OK
INFO:     127.0.0.1:57212 - "GET /api/v1/auth/me HTTP/1.1" 200 OK
INFO:     127.0.0.1:57203 - "OPTIONS /api/v1/tasks?sort=created_at&order=desc HTTP/1.1" 200 OK
INFO:     127.0.0.1:57208 - "GET /api/v1/tasks?sort=created_at&order=desc HTTP/1.1" 200 OK
INFO:     127.0.0.1:57212 - "GET /api/v1/auth/me HTTP/1.1" 200 OK
INFO:     127.0.0.1:57209 - "GET /api/v1/auth/me HTTP/1.1" 200 OK
INFO:     127.0.0.1:57212 - "GET /api/v1/auth/me HTTP/1.1" 200 OK
INFO:     127.0.0.1:57209 - "GET /api/v1/auth/me HTTP/1.1" 200 OK
INFO:     127.0.0.1:57212 - "GET /api/v1/auth/me HTTP/1.1" 200 OK
INFO:     127.0.0.1:57220 - "GET /api/v1/tasks HTTP/1.1" 200 OK
INFO:     127.0.0.1:57206 - "OPTIONS /api/v1/chat HTTP/1.1" 200 OK
INFO:     127.0.0.1:57209 - "POST /api/v1/chat HTTP/1.1" 200 OK
INFO:     127.0.0.1:57220 - "GET /api/v1/tasks HTTP/1.1" 200 OK
INFO:     127.0.0.1:57220 - "GET /api/v1/tasks HTTP/1.1" 200 OK
INFO:     127.0.0.1:57220 - "POST /api/v1/chat HTTP/1.1" 200 OK
INFO:     127.0.0.1:57220 - "GET /api/v1/tasks HTTP/1.1" 200 OK
INFO:     127.0.0.1:57237 - "POST /api/v1/chat HTTP/1.1" 200 OK
INFO:     127.0.0.1:57237 - "GET /api/v1/tasks HTTP/1.1" 200 OK
INFO:     127.0.0.1:57238 - "GET /api/v1/tasks HTTP/1.1" 200 OK
INFO:     127.0.0.1:57238 - "GET /api/v1/tasks HTTP/1.1" 200 OK
INFO:     127.0.0.1:57243 - "GET /api/v1/tasks HTTP/1.1" 200 OK
INFO:     127.0.0.1:57243 - "GET /api/v1/tasks HTTP/1.1" 200 OK
INFO:     127.0.0.1:57247 - "GET /api/v1/auth/me HTTP/1.1" 200 OK
INFO:     127.0.0.1:57247 - "GET /api/v1/auth/me HTTP/1.1" 200 OK
INFO:     127.0.0.1:57243 - "GET /api/v1/tasks?sort=created_at&order=desc HTTP/1.1" 200 OK
